"../../../../../../Users/Pencil/Desktop/game-jam-2020/Content/Bee_Character_Model/Bee_Bod.uasset" 0
"../../../../../../Users/Pencil/Desktop/game-jam-2020/Content/Bee_Character_Model/Bee_Wing1.uasset" 1
"../../../../../../Users/Pencil/Desktop/game-jam-2020/Content/Bee_Character_Model/Bee_Wing.uasset" 2
"../../../../../../Users/Pencil/Desktop/game-jam-2020/Content/Bee_Character_Model/Bee_Character_1_1_Bee_Wing.uasset" 3
"../../../../../../Users/Pencil/Desktop/game-jam-2020/Content/Bee_Character_Model/Bee_Character_1_1_Bee_Wing_001.uasset" 4
"../../../../../../Users/Pencil/Desktop/game-jam-2020/Content/Bee_Character_Model/Eyebrows.uasset" 5
"../../../../../../Users/Pencil/Desktop/game-jam-2020/Content/Bee_Character_Model/Bee_Character_1_1_Cube.uasset" 6
"../../../../../../Users/Pencil/Desktop/game-jam-2020/Content/Bee_Character_Model/Bee_Character_1_1_Cube_001.uasset" 7
"../../../../../../Users/Pencil/Desktop/game-jam-2020/Content/Bee_Character_Model/Bee_Character_1_1_Cube_002.uasset" 8
"../../../../../../Users/Pencil/Desktop/game-jam-2020/Content/Bee_Character_Model/Arms_001.uasset" 9
"../../../../../../Users/Pencil/Desktop/game-jam-2020/Content/Bee_Character_Model/Bee_Character_1_1_Cylinder_002.uasset" 10
"../../../../../../Users/Pencil/Desktop/game-jam-2020/Content/Bee_Character_Model/Bee_Character_1_1_Cylinder_003.uasset" 11
"../../../../../../Users/Pencil/Desktop/game-jam-2020/Content/Bee_Character_Model/Shoe.uasset" 12
"../../../../../../Users/Pencil/Desktop/game-jam-2020/Content/Bee_Character_Model/Bee_Character_1_1_Cylinder_004.uasset" 13
"../../../../../../Users/Pencil/Desktop/game-jam-2020/Content/Bee_Character_Model/Bee_Character_1_1_Cylinder_005.uasset" 14
"../../../../../../Users/Pencil/Desktop/game-jam-2020/Content/Bee_Character_Model/Eye_Pupil.uasset" 15
"../../../../../../Users/Pencil/Desktop/game-jam-2020/Content/Bee_Character_Model/Bee_Character_1_1_Cylinder_006.uasset" 16
"../../../../../../Users/Pencil/Desktop/game-jam-2020/Content/Bee_Character_Model/Bee_Character_1_1_Cylinder_007.uasset" 17
"../../../../../../Users/Pencil/Desktop/game-jam-2020/Content/Bee_Character_Model/Material.uasset" 18
"../../../../../../Users/Pencil/Desktop/game-jam-2020/Content/Bee_Character_Model/Bee_Character_1_1_Icosphere_001.uasset" 19
"../../../../../../Users/Pencil/Desktop/game-jam-2020/Content/Bee_Character_Model/Antenna.uasset" 20
"../../../../../../Users/Pencil/Desktop/game-jam-2020/Content/Bee_Character_Model/Bee_Character_1_1_Icosphere_005.uasset" 21
"../../../../../../Users/Pencil/Desktop/game-jam-2020/Content/Bee_Character_Model/Bee_Character_Bee_Wing.uasset" 22
"../../../../../../Users/Pencil/Desktop/game-jam-2020/Content/Bee_Character_Model/Bee_Character_Cube.uasset" 23
"../../../../../../Users/Pencil/Desktop/game-jam-2020/Content/Bee_Character_Model/Bee_Character_Cube_001.uasset" 24
"../../../../../../Users/Pencil/Desktop/game-jam-2020/Content/Bee_Character_Model/Bee_Character_Cube_002.uasset" 25
"../../../../../../Users/Pencil/Desktop/game-jam-2020/Content/Bee_Character_Model/Bee_Body_UV_Map.uasset" 26
"../../../../../../Users/Pencil/Desktop/game-jam-2020/Content/Bee_Character_Model/Bee_Body.uasset" 27
"../../../../../../Users/Pencil/Desktop/game-jam-2020/Content/Bee_Character_Model/Bee_Character_Cylinder.uasset" 28
"../../../../../../Users/Pencil/Desktop/game-jam-2020/Content/Bee_Character_Model/Bee_Head.uasset" 29
"../../../../../../Users/Pencil/Desktop/game-jam-2020/Content/Bee_Character_Model/Bee_Character_Cylinder_001.uasset" 30
"../../../../../../Users/Pencil/Desktop/game-jam-2020/Content/Bee_Character_Model/Bee_Character_Cylinder_007.uasset" 31
"../../../../../../Users/Pencil/Desktop/game-jam-2020/Content/Bee_Character_Model/Material_001.uasset" 32
"../../../../../../Users/Pencil/Desktop/game-jam-2020/Content/Bee_Character_Model/Bee_Character_Icosphere.uasset" 33
"../../../../../../Users/Pencil/Desktop/game-jam-2020/Content/Bee_Character_Model/Bee_Character_Icosphere_002.uasset" 34
"../../../../../../Users/Pencil/Desktop/game-jam-2020/Content/Bee_Character_Model/Bee_Character_Icosphere_003.uasset" 35
"../../../../../../Users/Pencil/Desktop/game-jam-2020/Content/Bee_Character_Model/Bee_Character_Icosphere_004.uasset" 36
"../../../../../../Users/Pencil/Desktop/game-jam-2020/Content/Bee_Character_Model/Bee_Character_Icosphere_005.uasset" 37
"../../../../../../Users/Pencil/Desktop/game-jam-2020/Content/Floor_Model/Materialize_Ground_diffuseOriginal.uasset" 38
"../../../../../../Users/Pencil/Desktop/game-jam-2020/Content/Floor_Model/Materialize_Ground_height.uasset" 39
"../../../../../../Users/Pencil/Desktop/game-jam-2020/Content/Floor_Model/Materialize_Ground_height_Mat.uasset" 40
"../../../../../../Users/Pencil/Desktop/game-jam-2020/Content/Floor_Model/Materialize_Ground_normal.uasset" 41
"../../../../../../Users/Pencil/Desktop/game-jam-2020/Content/Floor_Model/Materialize_Ground_Mat.uasset" 42
"../../../../../../Users/Pencil/Desktop/game-jam-2020/Content/Floor_Model/Materialize_Ground_smoothness.uasset" 43
"../../../../../../Users/Pencil/Desktop/game-jam-2020/Content/Floor_Model/Materialize_Ground_smoothness_Mat.uasset" 44
"../../../../../../Users/Pencil/Desktop/game-jam-2020/Content/FPS_Weapon_Bundle/Weapons/Textures/KA74U/T_KA74U_ALB.uasset" 45
"../../../../../../Users/Pencil/Desktop/game-jam-2020/Content/FPS_Weapon_Bundle/Weapons/Textures/KA74U/T_KA74U_M_MSK.uasset" 46
"../../../../../../Users/Pencil/Desktop/game-jam-2020/Content/FPS_Weapon_Bundle/Weapons/Textures/KA74U/T_KA74U_NRM.uasset" 47
"../../../../../../Users/Pencil/Desktop/game-jam-2020/Content/FPS_Weapon_Bundle/Weapons/Textures/Patterns/T_Stripes__Pattern.uasset" 48
"../../../../../../Users/Pencil/Desktop/game-jam-2020/Content/FPS_Weapon_Bundle/Weapons/Materials/Master_Material/M_Weapon_Master_USE.uasset" 49
"../../../../../../Users/Pencil/Desktop/game-jam-2020/Content/FPS_Weapon_Bundle/Weapons/Textures/Accessories/T_V_Grip_ALB.uasset" 50
"../../../../../../Users/Pencil/Desktop/game-jam-2020/Content/FPS_Weapon_Bundle/Weapons/Textures/Accessories/T_V_Grip_M_MSK.uasset" 51
"../../../../../../Users/Pencil/Desktop/game-jam-2020/Content/FPS_Weapon_Bundle/Weapons/Textures/Accessories/T_V_Grip_NRM.uasset" 52
"../../../../../../Users/Pencil/Desktop/game-jam-2020/Content/FPS_Weapon_Bundle/Weapons/Materials/Accessories/M_V_Grip.uasset" 53
"../../../../../../Users/Pencil/Desktop/game-jam-2020/Content/FPS_Weapon_Bundle/Weapons/Materials/Accessories/M_V_Grip_Green.uasset" 54
"../../../../../../Users/Pencil/Desktop/game-jam-2020/Content/FPS_Weapon_Bundle/Weapons/Textures/AR4/T_AR4_ALB.uasset" 55
"../../../../../../Users/Pencil/Desktop/game-jam-2020/Content/FPS_Weapon_Bundle/Weapons/Textures/AR4/T_AR4_M_MSK.uasset" 56
"../../../../../../Users/Pencil/Desktop/game-jam-2020/Content/FPS_Weapon_Bundle/Weapons/Textures/AR4/T_AR4_NRM.uasset" 57
"../../../../../../Users/Pencil/Desktop/game-jam-2020/Content/FPS_Weapon_Bundle/Weapons/Textures/Patterns/T_Desert_Marpat_Pattern.uasset" 58
"../../../../../../Users/Pencil/Desktop/game-jam-2020/Content/FPS_Weapon_Bundle/Weapons/Materials/AR4/M_AR4_Pattern.uasset" 59
"../../../../../../Users/Pencil/Desktop/game-jam-2020/Content/FPS_Weapon_Bundle/Weapons/Textures/KA47/T_KA47_Gold_ALB.uasset" 60
"../../../../../../Users/Pencil/Desktop/game-jam-2020/Content/FPS_Weapon_Bundle/Weapons/Textures/KA47/T_KA47_Gold_M_MSK.uasset" 61
"../../../../../../Users/Pencil/Desktop/game-jam-2020/Content/FPS_Weapon_Bundle/Weapons/Textures/KA47/T_KA47_NRM.uasset" 62
"../../../../../../Users/Pencil/Desktop/game-jam-2020/Content/FPS_Weapon_Bundle/Weapons/Materials/Ka47/M_KA47_Gold.uasset" 63
"../../../../../../Users/Pencil/Desktop/game-jam-2020/Content/FPS_Weapon_Bundle/Weapons/Textures/KA47/T_KA47_ALB.uasset" 64
"../../../../../../Users/Pencil/Desktop/game-jam-2020/Content/FPS_Weapon_Bundle/Weapons/Textures/KA47/T_KA47_M_MSK.uasset" 65
"../../../../../../Users/Pencil/Desktop/game-jam-2020/Content/FPS_Weapon_Bundle/Weapons/Materials/Ka47/M_KA47.uasset" 66
"../../../../../../Users/Pencil/Desktop/game-jam-2020/Content/FPS_Weapon_Bundle/Weapons/Materials/Ka47/M_KA47_Pattern.uasset" 67
"../../../../../../Users/Pencil/Desktop/game-jam-2020/Content/FPS_Weapon_Bundle/Weapons/Materials/KA74U/M_KA74U.uasset" 68
"../../../../../../Users/Pencil/Desktop/game-jam-2020/Content/FPS_Weapon_Bundle/Weapons/Textures/KA74U/T_KA74U_Gold_ALB.uasset" 69
"../../../../../../Users/Pencil/Desktop/game-jam-2020/Content/FPS_Weapon_Bundle/Weapons/Textures/KA74U/T_KA74U_Gold_M_MSK.uasset" 70
"../../../../../../Users/Pencil/Desktop/game-jam-2020/Content/FPS_Weapon_Bundle/Weapons/Materials/KA74U/M_KA74U_Gold.uasset" 71
"../../../../../../Users/Pencil/Desktop/game-jam-2020/Content/FPS_Weapon_Bundle/Weapons/Textures/Patterns/T_LeafSpray_Pattern.uasset" 72
"../../../../../../Users/Pencil/Desktop/game-jam-2020/Content/FPS_Weapon_Bundle/Weapons/Materials/KA74U/M_KA74U_LeafSpray.uasset" 73
"../../../../../../Users/Pencil/Desktop/game-jam-2020/Content/FPS_Weapon_Bundle/Weapons/Textures/KA_Val/T_KA_Val_ALB.uasset" 74
"../../../../../../Users/Pencil/Desktop/game-jam-2020/Content/FPS_Weapon_Bundle/Weapons/Textures/KA_Val/T_KA_Val_M_MSK.uasset" 75
"../../../../../../Users/Pencil/Desktop/game-jam-2020/Content/FPS_Weapon_Bundle/Weapons/Textures/KA_Val/T_KA_Val_NRM.uasset" 76
"../../../../../../Users/Pencil/Desktop/game-jam-2020/Content/FPS_Weapon_Bundle/Weapons/Materials/KA_Val/M_KA_Val.uasset" 77
"../../../../../../Users/Pencil/Desktop/game-jam-2020/Content/FPS_Weapon_Bundle/Weapons/Textures/KA_Val/T_KA_Val_Black_ALB.uasset" 78
"../../../../../../Users/Pencil/Desktop/game-jam-2020/Content/FPS_Weapon_Bundle/Weapons/Materials/KA_Val/M_KA_Val_Black.uasset" 79
"../../../../../../Users/Pencil/Desktop/game-jam-2020/Content/FPS_Weapon_Bundle/Weapons/Textures/Patterns/T_Wood_Marpat_Pattern.uasset" 80
"../../../../../../Users/Pencil/Desktop/game-jam-2020/Content/FPS_Weapon_Bundle/Weapons/Materials/KA_Val/M_KA_Val_Black_Camo.uasset" 81
"../../../../../../Users/Pencil/Desktop/game-jam-2020/Content/FPS_Weapon_Bundle/Weapons/Materials/KA_Val/M_KA_Val_Black_Striped.uasset" 82
"../../../../../../Users/Pencil/Desktop/game-jam-2020/Content/FPS_Weapon_Bundle/Weapons/Textures/RDS/T_RDS_01.uasset" 83
"../../../../../../Users/Pencil/Desktop/game-jam-2020/Content/FPS_Weapon_Bundle/Weapons/Materials/Master_Material/M_RDS_Master.uasset" 84
"../../../../../../Users/Pencil/Desktop/game-jam-2020/Content/FPS_Weapon_Bundle/Weapons/Materials/RDS/M_RDS_01.uasset" 85
"../../../../../../Users/Pencil/Desktop/game-jam-2020/Content/FPS_Weapon_Bundle/Weapons/Textures/RDS/T_RDS_02.uasset" 86
"../../../../../../Users/Pencil/Desktop/game-jam-2020/Content/FPS_Weapon_Bundle/Weapons/Materials/RDS/M_RDS_02.uasset" 87
"../../../../../../Users/Pencil/Desktop/game-jam-2020/Content/FPS_Weapon_Bundle/Weapons/Textures/RDS/T_RDS_03.uasset" 88
"../../../../../../Users/Pencil/Desktop/game-jam-2020/Content/FPS_Weapon_Bundle/Weapons/Materials/RDS/M_RDS_03.uasset" 89
"../../../../../../Users/Pencil/Desktop/game-jam-2020/Content/FPS_Weapon_Bundle/Weapons/Textures/SMG11/T_SMG11_ALB.uasset" 90
"../../../../../../Users/Pencil/Desktop/game-jam-2020/Content/FPS_Weapon_Bundle/Weapons/Textures/SMG11/T_SMG11_M_MSK.uasset" 91
"../../../../../../Users/Pencil/Desktop/game-jam-2020/Content/FPS_Weapon_Bundle/Weapons/Textures/SMG11/T_SMG11_NRM.uasset" 92
"../../../../../../Users/Pencil/Desktop/game-jam-2020/Content/FPS_Weapon_Bundle/Weapons/Materials/SMG11/M_SMG11.uasset" 93
"../../../../../../Users/Pencil/Desktop/game-jam-2020/Content/FPS_Weapon_Bundle/Weapons/Textures/Patterns/T_Urban_Marpat_Pattern.uasset" 94
"../../../../../../Users/Pencil/Desktop/game-jam-2020/Content/FPS_Weapon_Bundle/Weapons/Materials/SMG11/M_SMG11_Camo.uasset" 95
"../../../../../../Users/Pencil/Desktop/game-jam-2020/Content/FPS_Weapon_Bundle/Weapons/Materials/SMG11/M_SMG11_Color.uasset" 96
"../../../../../../Users/Pencil/Desktop/game-jam-2020/Content/FPS_Weapon_Bundle/Weapons/Textures/Accessories/T_Scope_25x56_ALB.uasset" 97
"../../../../../../Users/Pencil/Desktop/game-jam-2020/Content/FPS_Weapon_Bundle/Weapons/Textures/Accessories/T_Scope_25x56_M_MSK.uasset" 98
"../../../../../../Users/Pencil/Desktop/game-jam-2020/Content/FPS_Weapon_Bundle/Weapons/Textures/Accessories/T_Scope_25x56_NRM.uasset" 99
"../../../../../../Users/Pencil/Desktop/game-jam-2020/Content/FPS_Weapon_Bundle/Weapons/Materials/Accessories/M_Scope_25x56.uasset" 100
"../../../../../../Users/Pencil/Desktop/game-jam-2020/Content/FPS_Weapon_Bundle/Weapons/Textures/Accessories/T_Scope_25x56_Lens_ALB.uasset" 101
"../../../../../../Users/Pencil/Desktop/game-jam-2020/Content/FPS_Weapon_Bundle/Weapons/Textures/Accessories/T_Scope_25x56_Lens_M_MSK.uasset" 102
"../../../../../../Users/Pencil/Desktop/game-jam-2020/Content/FPS_Weapon_Bundle/Weapons/Materials/Master_Material/M_Scope_Lens_MASTER.uasset" 103
"../../../../../../Users/Pencil/Desktop/game-jam-2020/Content/FPS_Weapon_Bundle/Weapons/Materials/Accessories/M_Scope_25x56_Lens.uasset" 104
"../../../../../../Users/Pencil/Desktop/game-jam-2020/Content/FPS_Weapon_Bundle/Weapons/Meshes/Accessories/SM_Scope_25x56_X.uasset" 105
"../../../../../../Users/Pencil/Desktop/game-jam-2020/Content/FPS_Weapon_Bundle/Weapons/Textures/Ammunition/T_762x39_ALB.uasset" 106
"../../../../../../Users/Pencil/Desktop/game-jam-2020/Content/FPS_Weapon_Bundle/Weapons/Textures/Ammunition/T_762x39_M_MSK.uasset" 107
"../../../../../../Users/Pencil/Desktop/game-jam-2020/Content/FPS_Weapon_Bundle/Weapons/Textures/Ammunition/T_762x39_NRM.uasset" 108
"../../../../../../Users/Pencil/Desktop/game-jam-2020/Content/FPS_Weapon_Bundle/Weapons/Materials/Ammunition/M_762x39_Empty.uasset" 109
"../../../../../../Users/Pencil/Desktop/game-jam-2020/Content/FPS_Weapon_Bundle/Weapons/Materials/AR4/M_AR4.uasset" 110
"../../../../../../Users/Pencil/Desktop/game-jam-2020/Content/FPS_Weapon_Bundle/Weapons/Meshes/AR4/SK_AR4_X_Physics.uasset" 111
"../../../../../../Users/Pencil/Desktop/game-jam-2020/Content/FPS_Weapon_Bundle/Weapons/Meshes/AR4/SK_AR4_X_Skeleton.uasset" 112
"../../../../../../Users/Pencil/Desktop/game-jam-2020/Content/FPS_Weapon_Bundle/Weapons/Meshes/AR4/SK_AR4_X.uasset" 113
"../../../../../../Users/Pencil/Desktop/game-jam-2020/Content/FPS_Weapon_Bundle/Weapons/Meshes/AR4/SM_AR4.uasset" 114
"../../../../../../Users/Pencil/Desktop/game-jam-2020/Content/FPS_Weapon_Bundle/Weapons/Meshes/AR4/SM_AR4_X.uasset" 115
"../../../../../../Users/Pencil/Desktop/game-jam-2020/Content/FPS_Weapon_Bundle/Weapons/Textures/G67_Grenade/T_G67_ALB.uasset" 116
"../../../../../../Users/Pencil/Desktop/game-jam-2020/Content/FPS_Weapon_Bundle/Weapons/Textures/G67_Grenade/T_G67_M_MSK.uasset" 117
"../../../../../../Users/Pencil/Desktop/game-jam-2020/Content/FPS_Weapon_Bundle/Weapons/Textures/G67_Grenade/T_G67_NRM.uasset" 118
"../../../../../../Users/Pencil/Desktop/game-jam-2020/Content/FPS_Weapon_Bundle/Weapons/Materials/G67_Grenade/M_G67.uasset" 119
"../../../../../../Users/Pencil/Desktop/game-jam-2020/Content/FPS_Weapon_Bundle/Weapons/Meshes/G67_Grenade/SK_G67_Physics.uasset" 120
"../../../../../../Users/Pencil/Desktop/game-jam-2020/Content/FPS_Weapon_Bundle/Weapons/Meshes/G67_Grenade/SK_G67_Skeleton.uasset" 121
"../../../../../../Users/Pencil/Desktop/game-jam-2020/Content/FPS_Weapon_Bundle/Weapons/Meshes/G67_Grenade/SK_G67.uasset" 122
"../../../../../../Users/Pencil/Desktop/game-jam-2020/Content/FPS_Weapon_Bundle/Weapons/Meshes/G67_Grenade/SM_G67.uasset" 123
"../../../../../../Users/Pencil/Desktop/game-jam-2020/Content/FPS_Weapon_Bundle/Weapons/Meshes/G67_Grenade/SM_G67_Thrown.uasset" 124
"../../../../../../Users/Pencil/Desktop/game-jam-2020/Content/FPS_Weapon_Bundle/Weapons/Meshes/G67_Grenade/SM_G67_X.uasset" 125
"../../../../../../Users/Pencil/Desktop/game-jam-2020/Content/FPS_Weapon_Bundle/Weapons/Meshes/Ka47/SK_KA47_X_Physics.uasset" 126
"../../../../../../Users/Pencil/Desktop/game-jam-2020/Content/FPS_Weapon_Bundle/Weapons/Meshes/Ka47/SK_KA47_X_Skeleton.uasset" 127
"../../../../../../Users/Pencil/Desktop/game-jam-2020/Content/FPS_Weapon_Bundle/Weapons/Meshes/Ka47/SK_KA47_X.uasset" 128
"../../../../../../Users/Pencil/Desktop/game-jam-2020/Content/FPS_Weapon_Bundle/Weapons/Meshes/Ka47/SM_KA47.uasset" 129
"../../../../../../Users/Pencil/Desktop/game-jam-2020/Content/FPS_Weapon_Bundle/Weapons/Meshes/Ka47/SM_KA47_X.uasset" 130
"../../../../../../Users/Pencil/Desktop/game-jam-2020/Content/FPS_Weapon_Bundle/Weapons/Meshes/KA74U/SK_KA74U_X_Physics.uasset" 131
"../../../../../../Users/Pencil/Desktop/game-jam-2020/Content/FPS_Weapon_Bundle/Weapons/Meshes/KA74U/SK_KA74U_X_Skeleton.uasset" 132
"../../../../../../Users/Pencil/Desktop/game-jam-2020/Content/FPS_Weapon_Bundle/Weapons/Meshes/KA74U/SK_KA74U_X.uasset" 133
"../../../../../../Users/Pencil/Desktop/game-jam-2020/Content/FPS_Weapon_Bundle/Weapons/Meshes/KA74U/SM_KA74U_Mag_Empty_Y.uasset" 134
"../../../../../../Users/Pencil/Desktop/game-jam-2020/Content/FPS_Weapon_Bundle/Weapons/Meshes/KA74U/SM_KA74U_Mag_Y.uasset" 135
"../../../../../../Users/Pencil/Desktop/game-jam-2020/Content/FPS_Weapon_Bundle/Weapons/Meshes/KA74U/SM_KA74U_X.uasset" 136
"../../../../../../Users/Pencil/Desktop/game-jam-2020/Content/FPS_Weapon_Bundle/Weapons/Meshes/KA74U/SM_KA74U_Y.uasset" 137
"../../../../../../Users/Pencil/Desktop/game-jam-2020/Content/FPS_Weapon_Bundle/Weapons/Meshes/KA_Val/SK_KA_Val_X_Physics.uasset" 138
"../../../../../../Users/Pencil/Desktop/game-jam-2020/Content/FPS_Weapon_Bundle/Weapons/Meshes/KA_Val/SK_KA_Val_X_Skeleton.uasset" 139
"../../../../../../Users/Pencil/Desktop/game-jam-2020/Content/FPS_Weapon_Bundle/Weapons/Meshes/KA_Val/SK_KA_Val_X.uasset" 140
"../../../../../../Users/Pencil/Desktop/game-jam-2020/Content/FPS_Weapon_Bundle/Weapons/Meshes/KA_Val/SM_KA_Val_Mag_X.uasset" 141
"../../../../../../Users/Pencil/Desktop/game-jam-2020/Content/FPS_Weapon_Bundle/Weapons/Meshes/KA_Val/SM_KA_Val_X.uasset" 142
"../../../../../../Users/Pencil/Desktop/game-jam-2020/Content/FPS_Weapon_Bundle/Weapons/Meshes/KA_Val/SM_KA_Val_Y.uasset" 143
"../../../../../../Users/Pencil/Desktop/game-jam-2020/Content/FPS_Weapon_Bundle/Weapons/Textures/M9_Knife/T_M9_ALB.uasset" 144
"../../../../../../Users/Pencil/Desktop/game-jam-2020/Content/FPS_Weapon_Bundle/Weapons/Textures/M9_Knife/T_M9_M_MSK.uasset" 145
"../../../../../../Users/Pencil/Desktop/game-jam-2020/Content/FPS_Weapon_Bundle/Weapons/Textures/M9_Knife/T_M9_NRM.uasset" 146
"../../../../../../Users/Pencil/Desktop/game-jam-2020/Content/FPS_Weapon_Bundle/Weapons/Materials/M9_Knife/M_M9_Knife.uasset" 147
"../../../../../../Users/Pencil/Desktop/game-jam-2020/Content/FPS_Weapon_Bundle/Weapons/Meshes/M9_Knife/SK_M9_Knife_Physics.uasset" 148
"../../../../../../Users/Pencil/Desktop/game-jam-2020/Content/FPS_Weapon_Bundle/Weapons/Meshes/M9_Knife/SK_M9_Knife_Skeleton.uasset" 149
"../../../../../../Users/Pencil/Desktop/game-jam-2020/Content/FPS_Weapon_Bundle/Weapons/Meshes/M9_Knife/SK_M9_Knife.uasset" 150
"../../../../../../Users/Pencil/Desktop/game-jam-2020/Content/FPS_Weapon_Bundle/Weapons/Meshes/M9_Knife/SM_M9_Knife.uasset" 151
"../../../../../../Users/Pencil/Desktop/game-jam-2020/Content/FPS_Weapon_Bundle/Weapons/Meshes/M9_Knife/SM_M9_Knife_X.uasset" 152
"../../../../../../Users/Pencil/Desktop/game-jam-2020/Content/FPS_Weapon_Bundle/Weapons/Textures/Ammunition/T_9mm_ALB.uasset" 153
"../../../../../../Users/Pencil/Desktop/game-jam-2020/Content/FPS_Weapon_Bundle/Weapons/Textures/Ammunition/T_9mm_M_MSK.uasset" 154
"../../../../../../Users/Pencil/Desktop/game-jam-2020/Content/FPS_Weapon_Bundle/Weapons/Textures/Ammunition/T_9mm_NRM.uasset" 155
"../../../../../../Users/Pencil/Desktop/game-jam-2020/Content/FPS_Weapon_Bundle/Weapons/Materials/Ammunition/M_9mm.uasset" 156
"../../../../../../Users/Pencil/Desktop/game-jam-2020/Content/FPS_Weapon_Bundle/Weapons/Textures/SMG11/T_SMG11_Rem_ALB.uasset" 157
"../../../../../../Users/Pencil/Desktop/game-jam-2020/Content/FPS_Weapon_Bundle/Weapons/Textures/SMG11/T_SMG11_Rem_M_MSK.uasset" 158
"../../../../../../Users/Pencil/Desktop/game-jam-2020/Content/FPS_Weapon_Bundle/Weapons/Textures/SMG11/T_SMG11_Rem_NRM.uasset" 159
"../../../../../../Users/Pencil/Desktop/game-jam-2020/Content/FPS_Weapon_Bundle/Weapons/Materials/SMG11/M_SMG11_Rem.uasset" 160
"../../../../../../Users/Pencil/Desktop/game-jam-2020/Content/FPS_Weapon_Bundle/Weapons/Meshes/SMG11/SK_SMG11_Nostock_X_Physics.uasset" 161
"../../../../../../Users/Pencil/Desktop/game-jam-2020/Content/FPS_Weapon_Bundle/Weapons/Meshes/SMG11/SK_SMG11_Nostock_X_Skeleton.uasset" 162
"../../../../../../Users/Pencil/Desktop/game-jam-2020/Content/FPS_Weapon_Bundle/Weapons/Meshes/SMG11/SK_SMG11_Nostock_X.uasset" 163
"../../../../../../Users/Pencil/Desktop/game-jam-2020/Content/FPS_Weapon_Bundle/Weapons/Meshes/SMG11/SK_SMG11_X_Physics.uasset" 164
"../../../../../../Users/Pencil/Desktop/game-jam-2020/Content/FPS_Weapon_Bundle/Weapons/Meshes/SMG11/SK_SMG11_X_Skeleton.uasset" 165
"../../../../../../Users/Pencil/Desktop/game-jam-2020/Content/FPS_Weapon_Bundle/Weapons/Meshes/SMG11/SK_SMG11_X.uasset" 166
"../../../../../../Users/Pencil/Desktop/game-jam-2020/Content/FPS_Weapon_Bundle/Weapons/Meshes/SMG11/SM_SMG11_Mag_Empty_Y.uasset" 167
"../../../../../../Users/Pencil/Desktop/game-jam-2020/Content/FPS_Weapon_Bundle/Weapons/Meshes/SMG11/SM_SMG11_Nostock_X.uasset" 168
"../../../../../../Users/Pencil/Desktop/game-jam-2020/Content/FPS_Weapon_Bundle/Weapons/Meshes/SMG11/SM_SMG11_Nostock_Y.uasset" 169
"../../../../../../Users/Pencil/Desktop/game-jam-2020/Content/FPS_Weapon_Bundle/Weapons/Meshes/SMG11/SM_SMG11_X.uasset" 170
"../../../../../../Users/Pencil/Desktop/game-jam-2020/Content/FPS_Weapon_Bundle/Weapons/Meshes/SMG11/SM_SMG11_Y.uasset" 171
"../../../../../../Users/Pencil/Desktop/game-jam-2020/Content/FPS_Weapon_Bundle/Weapons/Textures/Patterns/T_80s_Pattern.uasset" 172
"../../../../../../Users/Pencil/Desktop/game-jam-2020/Content/FPS_Weapon_Bundle/Weapons/Textures/Patterns/T_Chochip_Pattern.uasset" 173
"../../../../../../Users/Pencil/Desktop/game-jam-2020/Content/FPS_Weapon_Bundle/Weapons/Textures/Patterns/T_Cracks_Pattern.uasset" 174
"../../../../../../Users/Pencil/Desktop/game-jam-2020/Content/FPS_Weapon_Bundle/Weapons/Textures/Patterns/T_Hexagon_Glow_Pattern.uasset" 175
"../../../../../../Users/Pencil/Desktop/game-jam-2020/Content/FPS_Weapon_Bundle/Weapons/Textures/Patterns/T_Hexagon_Pattern.uasset" 176
"../../../../../../Users/Pencil/Desktop/game-jam-2020/Content/FPS_Weapon_Bundle/Weapons/Textures/Patterns/T_Ink_Pattern.uasset" 177
"../../../../../../Users/Pencil/Desktop/game-jam-2020/Content/FPS_Weapon_Bundle/Weapons/Textures/Patterns/T_Net01_Pattern.uasset" 178
"../../../../../../Users/Pencil/Desktop/game-jam-2020/Content/FPS_Weapon_Bundle/Weapons/Textures/Patterns/T_W90K_Pattern.uasset" 179
"../../../../../../Users/Pencil/Desktop/game-jam-2020/Content/FPS_Weapon_Bundle/Weapons/Textures/Patterns/T_W90_Pattern.uasset" 180
"../../../../../../Users/Pencil/Desktop/game-jam-2020/Content/Geometry/Meshes/CubeMaterial.uasset" 181
"../../../../../../Users/Pencil/Desktop/game-jam-2020/Content/Geometry/Meshes/1M_Cube.uasset" 182
"../../../../../../Users/Pencil/Desktop/game-jam-2020/Content/Geometry/Meshes/1M_Cube_Chamfer.uasset" 183
"../../../../../../Users/Pencil/Desktop/game-jam-2020/Content/Geometry/Meshes/TemplateFloor.uasset" 184
"../../../../../../Users/Pencil/Desktop/game-jam-2020/Content/Mannequin/Character/Mesh/UE4_Mannequin_Skeleton.uasset" 185
"../../../../../../Users/Pencil/Desktop/game-jam-2020/Content/Mannequin/Animations/ThirdPersonJump_End.uasset" 186
"../../../../../../Users/Pencil/Desktop/game-jam-2020/Content/StarterContent/Materials/M_Basic_Wall.uasset" 187
"../../../../../../Users/Pencil/Desktop/game-jam-2020/Content/StarterContent/Architecture/Pillar_50x500.uasset" 188
"../../../../../../Users/Pencil/Desktop/game-jam-2020/Content/StarterContent/Architecture/Wall_400x300.uasset" 189
"../../../../../../Users/Pencil/Desktop/game-jam-2020/Content/StarterContent/Architecture/Wall_400x400.uasset" 190
"../../../../../../Users/Pencil/Desktop/game-jam-2020/Content/StarterContent/Architecture/Wall_500x500.uasset" 191
"../../../../../../Users/Pencil/Desktop/game-jam-2020/Content/StarterContent/Architecture/Wall_Door_400x400.uasset" 192
"../../../../../../Users/Pencil/Desktop/game-jam-2020/Content/StarterContent/Architecture/Wall_Window_400x400.uasset" 193
"../../../../../../Users/Pencil/Desktop/game-jam-2020/Content/StarterContent/Audio/Collapse01.uasset" 194
"../../../../../../Users/Pencil/Desktop/game-jam-2020/Content/StarterContent/Audio/Collapse02.uasset" 195
"../../../../../../Users/Pencil/Desktop/game-jam-2020/Content/StarterContent/Audio/Explosion01.uasset" 196
"../../../../../../Users/Pencil/Desktop/game-jam-2020/Content/StarterContent/Audio/Explosion02.uasset" 197
"../../../../../../Users/Pencil/Desktop/game-jam-2020/Content/StarterContent/Audio/Fire01.uasset" 198
"../../../../../../Users/Pencil/Desktop/game-jam-2020/Content/StarterContent/Audio/Fire_Sparks01.uasset" 199
"../../../../../../Users/Pencil/Desktop/game-jam-2020/Content/StarterContent/Audio/Light01.uasset" 200
"../../../../../../Users/Pencil/Desktop/game-jam-2020/Content/StarterContent/Audio/Light01_Cue.uasset" 201
"../../../../../../Users/Pencil/Desktop/game-jam-2020/Content/StarterContent/Audio/Light02.uasset" 202
"../../../../../../Users/Pencil/Desktop/game-jam-2020/Content/StarterContent/Audio/Light02_Cue.uasset" 203
"../../../../../../Users/Pencil/Desktop/game-jam-2020/Content/StarterContent/Audio/Smoke01.uasset" 204
"../../../../../../Users/Pencil/Desktop/game-jam-2020/Content/StarterContent/Audio/Starter_Birds01.uasset" 205
"../../../../../../Users/Pencil/Desktop/game-jam-2020/Content/StarterContent/Audio/Starter_Music01.uasset" 206
"../../../../../../Users/Pencil/Desktop/game-jam-2020/Content/StarterContent/Audio/Starter_Wind05.uasset" 207
"../../../../../../Users/Pencil/Desktop/game-jam-2020/Content/StarterContent/Audio/Starter_Wind06.uasset" 208
"../../../../../../Users/Pencil/Desktop/game-jam-2020/Content/StarterContent/Audio/Steam01.uasset" 209
"../../../../../../Users/Pencil/Desktop/game-jam-2020/Content/StarterContent/Audio/Explosion_Cue.uasset" 210
"../../../../../../Users/Pencil/Desktop/game-jam-2020/Content/StarterContent/Textures/T_Burst_M.uasset" 211
"../../../../../../Users/Pencil/Desktop/game-jam-2020/Content/StarterContent/Particles/Materials/M_Burst.uasset" 212
"../../../../../../Users/Pencil/Desktop/game-jam-2020/Content/StarterContent/Textures/T_Explosion_SubUV.uasset" 213
"../../../../../../Users/Pencil/Desktop/game-jam-2020/Content/StarterContent/Particles/Materials/M_explosion_subUV.uasset" 214
"../../../../../../Users/Pencil/Desktop/game-jam-2020/Content/StarterContent/Particles/Materials/m_flare_01.uasset" 215
"../../../Engine/Content/Functions/Engine_MaterialFunctions01/Gradient/RadialGradient.uasset" 216
"../../../../../../Users/Pencil/Desktop/game-jam-2020/Content/StarterContent/Particles/Materials/M_radial_ramp.uasset" 217
"../../../../../../Users/Pencil/Desktop/game-jam-2020/Content/StarterContent/Textures/T_Smoke_SubUV.uasset" 218
"../../../../../../Users/Pencil/Desktop/game-jam-2020/Content/StarterContent/Textures/T_Smoke_Tiled_D.uasset" 219
"../../../../../../Users/Pencil/Desktop/game-jam-2020/Content/StarterContent/Particles/Materials/M_smoke_subUV.uasset" 220
"../../../../../../Users/Pencil/Desktop/game-jam-2020/Content/StarterContent/Particles/P_Explosion.uasset" 221
"../../../../../../Users/Pencil/Desktop/game-jam-2020/Content/StarterContent/Blueprints/Blueprint_Effect_Explosion.uasset" 222
"../../../Engine/Content/EditorMeshes/ColorCalibrator/T_ColorGrid.uasset" 223
"../../../../../../Users/Pencil/Desktop/game-jam-2020/Content/StarterContent/Materials/M_ColorGrid_LowSpec.uasset" 224
"../../../../../../Users/Pencil/Desktop/game-jam-2020/Content/StarterContent/Textures/T_Bush_D.uasset" 225
"../../../../../../Users/Pencil/Desktop/game-jam-2020/Content/StarterContent/Textures/T_Bush_N.uasset" 226
"../../../../../../Users/Pencil/Desktop/game-jam-2020/Content/StarterContent/Props/Materials/M_Bush.uasset" 227
"../../../../../../Users/Pencil/Desktop/game-jam-2020/Content/StarterContent/Props/SM_Bush.uasset" 228
"../../../../../../Users/Pencil/Desktop/game-jam-2020/Content/StarterContent/Textures/T_Chair_M.uasset" 229
"../../../../../../Users/Pencil/Desktop/game-jam-2020/Content/StarterContent/Textures/T_Chair_N.uasset" 230
"../../../../../../Users/Pencil/Desktop/game-jam-2020/Content/StarterContent/Props/Materials/M_Chair.uasset" 231
"../../../../../../Users/Pencil/Desktop/game-jam-2020/Content/StarterContent/Props/SM_Couch.uasset" 232
"../../../../../../Users/Pencil/Desktop/game-jam-2020/Content/StarterContent/Materials/M_Glass.uasset" 233
"../../../../../../Users/Pencil/Desktop/game-jam-2020/Content/StarterContent/Textures/T_Door_M.uasset" 234
"../../../../../../Users/Pencil/Desktop/game-jam-2020/Content/StarterContent/Textures/T_Door_N.uasset" 235
"../../../../../../Users/Pencil/Desktop/game-jam-2020/Content/StarterContent/Props/Materials/M_Door.uasset" 236
"../../../../../../Users/Pencil/Desktop/game-jam-2020/Content/StarterContent/Props/SM_Door.uasset" 237
"../../../../../../Users/Pencil/Desktop/game-jam-2020/Content/StarterContent/Props/Materials/M_MaterialSphere.uasset" 238
"../../../../../../Users/Pencil/Desktop/game-jam-2020/Content/StarterContent/Props/Materials/M_MaterialSphere_Plain.uasset" 239
"../../../../../../Users/Pencil/Desktop/game-jam-2020/Content/StarterContent/Props/SM_MatPreviewMesh_02.uasset" 240
"../../../Engine/Content/Functions/Engine_MaterialFunctions02/Utility/BlendAngleCorrectedNormals.uasset" 241
"../../../../../../Users/Pencil/Desktop/game-jam-2020/Content/StarterContent/Textures/T_Detail_Rocky_N.uasset" 242
"../../../../../../Users/Pencil/Desktop/game-jam-2020/Content/StarterContent/Textures/T_Rock_Basalt_D.uasset" 243
"../../../../../../Users/Pencil/Desktop/game-jam-2020/Content/StarterContent/Textures/T_RockMesh_M.uasset" 244
"../../../../../../Users/Pencil/Desktop/game-jam-2020/Content/StarterContent/Textures/T_RockMesh_N.uasset" 245
"../../../../../../Users/Pencil/Desktop/game-jam-2020/Content/StarterContent/Props/Materials/M_Rock.uasset" 246
"../../../../../../Users/Pencil/Desktop/game-jam-2020/Content/StarterContent/Props/SM_Rock.uasset" 247
"../../../../../../Users/Pencil/Desktop/game-jam-2020/Content/StarterContent/Textures/T_Shelf_M.uasset" 248
"../../../../../../Users/Pencil/Desktop/game-jam-2020/Content/StarterContent/Textures/T_Shelf_N.uasset" 249
"../../../../../../Users/Pencil/Desktop/game-jam-2020/Content/StarterContent/Props/Materials/M_Shelf.uasset" 250
"../../../../../../Users/Pencil/Desktop/game-jam-2020/Content/StarterContent/Props/SM_Shelf.uasset" 251
"../../../../../../Users/Pencil/Desktop/game-jam-2020/Content/StarterContent/Materials/M_Basic_Floor.uasset" 252
"../../../../../../Users/Pencil/Desktop/game-jam-2020/Content/StarterContent/Props/SM_Stairs.uasset" 253
"../../../../../../Users/Pencil/Desktop/game-jam-2020/Content/StarterContent/Shapes/Shape_Cone.uasset" 254
"../../../../../../Users/Pencil/Desktop/game-jam-2020/Content/StarterContent/Shapes/Shape_Cylinder.uasset" 255
"../../../../../../Users/Pencil/Desktop/game-jam-2020/Content/StarterContent/Shapes/Shape_NarrowCapsule.uasset" 256
"../../../../../../Users/Pencil/Desktop/game-jam-2020/Content/StarterContent/Shapes/Shape_Pipe.uasset" 257
"../../../../../../Users/Pencil/Desktop/game-jam-2020/Content/StarterContent/Shapes/Shape_Pipe_180.uasset" 258
"../../../../../../Users/Pencil/Desktop/game-jam-2020/Content/StarterContent/Shapes/Shape_Pipe_90.uasset" 259
"../../../../../../Users/Pencil/Desktop/game-jam-2020/Content/StarterContent/Shapes/Shape_Plane.uasset" 260
"../../../../../../Users/Pencil/Desktop/game-jam-2020/Content/StarterContent/Shapes/Shape_Torus.uasset" 261
"../../../../../../Users/Pencil/Desktop/game-jam-2020/Content/StarterContent/Shapes/Shape_Trim.uasset" 262
"../../../../../../Users/Pencil/Desktop/game-jam-2020/Content/StarterContent/Shapes/Shape_Trim_90_In.uasset" 263
"../../../../../../Users/Pencil/Desktop/game-jam-2020/Content/StarterContent/Shapes/Shape_Trim_90_Out.uasset" 264
"../../../../../../Users/Pencil/Desktop/game-jam-2020/Content/StarterContent/Shapes/Shape_TriPyramid.uasset" 265
"../../../../../../Users/Pencil/Desktop/game-jam-2020/Content/StarterContent/Shapes/Shape_Tube.uasset" 266
"../../../../../../Users/Pencil/Desktop/game-jam-2020/Content/StarterContent/Shapes/Shape_Wedge_A.uasset" 267
"../../../../../../Users/Pencil/Desktop/game-jam-2020/Content/StarterContent/Shapes/Shape_Wedge_B.uasset" 268
"../../../../../../Users/Pencil/Desktop/game-jam-2020/Content/StarterContent/Shapes/Shape_WideCapsule.uasset" 269
"../../../../../../Users/Pencil/Desktop/game-jam-2020/Content/ThirdPerson/Meshes/RampMaterial.uasset" 270
"../../../../../../Users/Pencil/Desktop/game-jam-2020/Content/ThirdPerson/Meshes/Bump_StaticMesh.uasset" 271
"../../../../../../Users/Pencil/Desktop/game-jam-2020/Content/ThirdPerson/Meshes/LeftArm_StaticMesh.uasset" 272
"../../../../../../Users/Pencil/Desktop/game-jam-2020/Content/ThirdPerson/Meshes/Linear_Stair_StaticMesh.uasset" 273
"../../../../../../Users/Pencil/Desktop/game-jam-2020/Content/ThirdPerson/Meshes/Ramp_StaticMesh.uasset" 274
"../../../../../../Users/Pencil/Desktop/game-jam-2020/Content/ThirdPerson/Meshes/RightArm_StaticMesh.uasset" 275
"../../../../../../Users/Pencil/Desktop/game-jam-2020/Content/ThirdPersonBP/ThirdPersonOverview.uasset" 276
"../../../../../../Users/Pencil/Desktop/game-jam-2020/Content/Mannequin/Animations/ThirdPerson_Jump.uasset" 277
"../../../../../../Users/Pencil/Desktop/game-jam-2020/Content/Mannequin/Animations/ThirdPersonJump_Loop.uasset" 278
"../../../../../../Users/Pencil/Desktop/game-jam-2020/Content/Mannequin/Animations/ThirdPersonJump_Start.uasset" 279
"../../../../../../Users/Pencil/Desktop/game-jam-2020/Content/Mannequin/Animations/ThirdPersonIdle.uasset" 280
"../../../../../../Users/Pencil/Desktop/game-jam-2020/Content/Mannequin/Animations/ThirdPersonRun.uasset" 281
"../../../../../../Users/Pencil/Desktop/game-jam-2020/Content/Mannequin/Animations/ThirdPerson_IdleRun_2D.uasset" 282
"../../../Engine/Content/EditorBlueprintResources/StandardMacros.uasset" 283
"../../../../../../Users/Pencil/Desktop/game-jam-2020/Content/Mannequin/Animations/ThirdPerson_AnimBP.uasset" 284
"../../../../../../Users/Pencil/Desktop/game-jam-2020/Content/Bee_Character_Model/Bee_Character_1_1_Cylinder.uasset" 285
"../../../../../../Users/Pencil/Desktop/game-jam-2020/Content/Bee_Character_Model/Bee_Character_1_1_Cylinder_001.uasset" 286
"../../../../../../Users/Pencil/Desktop/game-jam-2020/Content/Bee_Character_Model/Bee_Character_1_1_Icosphere.uasset" 287
"../../../../../../Users/Pencil/Desktop/game-jam-2020/Content/Bee_Character_Model/Bee_Character_1_1_Icosphere_002.uasset" 288
"../../../../../../Users/Pencil/Desktop/game-jam-2020/Content/Bee_Character_Model/Bee_Character_1_1_Icosphere_003.uasset" 289
"../../../../../../Users/Pencil/Desktop/game-jam-2020/Content/Bee_Character_Model/Bee_Character_1_1_Icosphere_004.uasset" 290
"../../../../../../Users/Pencil/Desktop/game-jam-2020/Content/Bee_Character_Model/Bee_Character_Bee_Wing_001.uasset" 291
"../../../../../../Users/Pencil/Desktop/game-jam-2020/Content/Bee_Character_Model/Bee_Character_Cylinder_002.uasset" 292
"../../../../../../Users/Pencil/Desktop/game-jam-2020/Content/Bee_Character_Model/Bee_Character_Cylinder_003.uasset" 293
"../../../../../../Users/Pencil/Desktop/game-jam-2020/Content/Bee_Character_Model/Bee_Character_Cylinder_004.uasset" 294
"../../../../../../Users/Pencil/Desktop/game-jam-2020/Content/Bee_Character_Model/Bee_Character_Cylinder_005.uasset" 295
"../../../../../../Users/Pencil/Desktop/game-jam-2020/Content/Bee_Character_Model/Bee_Character_Cylinder_006.uasset" 296
"../../../../../../Users/Pencil/Desktop/game-jam-2020/Content/Bee_Character_Model/Bee_Character_Icosphere_001.uasset" 297
"../../../Engine/Content/Functions/MaterialLayerFunctions/MatLayerBlend_NormalBlend.uasset" 298
"../../../Engine/Content/Functions/MaterialLayerFunctions/MatLayerBlend_Simple.uasset" 299
"../../../../../../Users/Pencil/Desktop/game-jam-2020/Content/Mannequin/Character/Materials/MaterialLayers/T_ML_Rubber_Blue_01_D.uasset" 300
"../../../../../../Users/Pencil/Desktop/game-jam-2020/Content/Mannequin/Character/Materials/MaterialLayers/T_ML_Rubber_Blue_01_N.uasset" 301
"../../../../../../Users/Pencil/Desktop/game-jam-2020/Content/Mannequin/Character/Materials/MaterialLayers/ML_GlossyBlack_Latex_UE4.uasset" 302
"../../../../../../Users/Pencil/Desktop/game-jam-2020/Content/Mannequin/Character/Materials/MaterialLayers/ML_Plastic_Shiny_Beige.uasset" 303
"../../../../../../Users/Pencil/Desktop/game-jam-2020/Content/Mannequin/Character/Textures/UE4_LOGO_CARD.uasset" 304
"../../../../../../Users/Pencil/Desktop/game-jam-2020/Content/Mannequin/Character/Materials/MaterialLayers/ML_Plastic_Shiny_Beige_LOGO.uasset" 305
"../../../../../../Users/Pencil/Desktop/game-jam-2020/Content/Mannequin/Character/Materials/MaterialLayers/T_ML_Aluminum01.uasset" 306
"../../../../../../Users/Pencil/Desktop/game-jam-2020/Content/Mannequin/Character/Materials/MaterialLayers/T_ML_Aluminum01_N.uasset" 307
"../../../../../../Users/Pencil/Desktop/game-jam-2020/Content/Mannequin/Character/Materials/MaterialLayers/ML_SoftMetal_UE4.uasset" 308
"../../../../../../Users/Pencil/Desktop/game-jam-2020/Content/Mannequin/Character/Textures/UE4_Mannequin__normals.uasset" 309
"../../../../../../Users/Pencil/Desktop/game-jam-2020/Content/Mannequin/Character/Textures/UE4_Mannequin_MAT_MASKA.uasset" 310
"../../../../../../Users/Pencil/Desktop/game-jam-2020/Content/Mannequin/Character/Materials/M_UE4Man_Body.uasset" 311
"../../../../../../Users/Pencil/Desktop/game-jam-2020/Content/Mannequin/Character/Textures/UE4Man_Logo_N.uasset" 312
"../../../../../../Users/Pencil/Desktop/game-jam-2020/Content/Mannequin/Character/Materials/M_UE4Man_ChestLogo.uasset" 313
"../../../../../../Users/Pencil/Desktop/game-jam-2020/Content/Mannequin/Character/Mesh/SK_Mannequin_PhysicsAsset.uasset" 314
"../../../../../../Users/Pencil/Desktop/game-jam-2020/Content/Mannequin/Character/Mesh/SK_Mannequin.uasset" 315
"../../../../../../Users/Pencil/Desktop/game-jam-2020/Content/ThirdPersonBP/Blueprints/ThirdPersonCharacter.uasset" 316
"../../../../../../Users/Pencil/Desktop/game-jam-2020/Content/ThirdPersonBP/Blueprints/ThirdPersonGameMode.uasset" 317
"../../../Engine/Content/Animation/DefaultAnimBoneCompressionSettings.uasset" 318
"../../../Engine/Content/Animation/DefaultAnimCurveCompressionSettings.uasset" 319
"../../../Engine/Content/Functions/Engine_MaterialFunctions01/Opacity/CameraDepthFade.uasset" 320
"../../../Engine/Content/EngineMaterials/T_Default_Material_Grid_M.uasset" 321
"../../../Engine/Content/EngineMaterials/T_Default_Material_Grid_N.uasset" 322
"../../../Engine/Content/EngineMaterials/WorldGridMaterial.uasset" 323
"../../../Engine/Content/ArtTools/RenderToTexture/Meshes/S_1_Unit_Plane.uasset" 324
"../../../Engine/Content/EngineMaterials/DefaultMaterial.uasset" 325
"../../../Engine/Content/BasicShapes/Cone.uasset" 326
"../../../Engine/Content/BasicShapes/Cube.uasset" 327
"../../../Engine/Content/BasicShapes/Cylinder.uasset" 328
"../../../Engine/Content/BasicShapes/Plane.uasset" 329
"../../../Engine/Content/BasicShapes/Sphere.uasset" 330
"../../../Engine/Content/EditorLandscapeResources/DataLayer.uasset" 331
"../../../Engine/Content/EditorMaterials/MAT_Groups_Toggle.uasset" 332
"../../../Engine/Content/EditorMaterials/MAT_Groups_Visibility.uasset" 333
"../../../Engine/Content/EditorMaterials/PreviewShadowIndicator.uasset" 334
"../../../Engine/Content/EditorMaterials/PreviewShadowIndicatorMaterial.uasset" 335
"../../../Engine/Content/EditorMaterials/MatineeGroups/MAT_ColorTrack.uasset" 336
"../../../Engine/Content/EditorMaterials/MatineeGroups/MAT_Groups_Anim.uasset" 337
"../../../Engine/Content/EditorMaterials/MatineeGroups/MAT_Groups_AudioMaster.uasset" 338
"../../../Engine/Content/EditorMaterials/MatineeGroups/MAT_Groups_Director.uasset" 339
"../../../Engine/Content/EditorMaterials/MatineeGroups/MAT_Groups_Event.uasset" 340
"../../../Engine/Content/EditorMaterials/MatineeGroups/MAT_Groups_Fade.uasset" 341
"../../../Engine/Content/EditorMaterials/MatineeGroups/MAT_Groups_Float.uasset" 342
"../../../Engine/Content/EditorMaterials/MatineeGroups/MAT_Groups_Move.uasset" 343
"../../../Engine/Content/EditorMaterials/MatineeGroups/MAT_Groups_Slomo.uasset" 344
"../../../Engine/Content/EditorMaterials/MatineeGroups/MAT_Groups_Sound.uasset" 345
"../../../Engine/Content/EditorMaterials/MatineeGroups/MAT_Groups_Vector.uasset" 346
"../../../Engine/Content/EditorMaterials/ParticleSystems/PSysThumbnail_NoImage.uasset" 347
"../../../Engine/Content/EditorMaterials/ParticleSystems/PSysThumbnail_OOD.uasset" 348
"../../../Engine/Content/EditorMaterials/Camera/CineMat.uasset" 349
"../../../Engine/Content/EditorMaterials/Camera/MI_CineMat_Rig.uasset" 350
"../../../Engine/Content/EditorMeshes/Camera/SM_CraneRig_Arm.uasset" 351
"../../../Engine/Content/EditorMeshes/Camera/SM_CraneRig_Base.uasset" 352
"../../../Engine/Content/EditorMeshes/Camera/SM_CraneRig_Body.uasset" 353
"../../../Engine/Content/EditorMeshes/Camera/SM_CraneRig_Mount.uasset" 354
"../../../Engine/Content/EditorMeshes/Camera/SM_RailRig_Mount.uasset" 355
"../../../Engine/Content/EditorMeshes/Camera/SM_RailRig_Track.uasset" 356
"../../../Engine/Content/EditorResources/BSPVertex.uasset" 357
"../../../Engine/Content/EditorResources/EmptyActor.uasset" 358
"../../../Engine/Content/EditorResources/S_Actor.uasset" 359
"../../../Engine/Content/EditorResources/S_Note.uasset" 360
"../../../Engine/Content/EditorResources/S_Solver.uasset" 361
"../../../Engine/Content/EditorResources/S_Trigger.uasset" 362
"../../../Engine/Content/EditorResources/AudioIcons/S_AudioComponent.uasset" 363
"../../../Engine/Content/EditorResources/AudioIcons/S_AudioComponent_AutoActivate.uasset" 364
"../../../Engine/Content/EditorResources/LightIcons/S_LightError.uasset" 365
"../../../Engine/Content/EditorResources/SequenceRecorder/Countdown.uasset" 366
"../../../Engine/Content/EditorResources/SequenceRecorder/RecordingIndicator.uasset" 367
"../../../Engine/Content/EditorSounds/Notifications/CompileFailed.uasset" 368
"../../../Engine/Content/EditorSounds/Notifications/CompileFailed_Cue.uasset" 369
"../../../Engine/Content/EditorSounds/Notifications/CompileSuccess.uasset" 370
"../../../Engine/Content/EditorSounds/Notifications/CompileStart_Cue.uasset" 371
"../../../Engine/Content/EditorSounds/Notifications/CompileSuccess_Cue.uasset" 372
"../../../Engine/Content/EngineDamageTypes/DmgTypeBP_Environmental.uasset" 373
"../../../Engine/Content/EngineDebugMaterials/DebugEditorMaterial.uasset" 374
"../../../Engine/Content/EngineDebugMaterials/DebugMeshMaterial.uasset" 375
"../../../Engine/Content/EngineDebugMaterials/M_SimpleUnlitTranslucent.uasset" 376
"../../../Engine/Content/Functions/Engine_MaterialFunctions02/Utility/CameraDirectionVector.uasset" 377
"../../../Engine/Content/EngineDebugMaterials/VolumeToRender.uasset" 378
"../../../Engine/Content/EngineDebugMaterials/M_VolumeRenderSphereTracePP.uasset" 379
"../../../Engine/Content/EngineDebugMaterials/WireframeMaterial.uasset" 380
"../../../Engine/Content/EngineFonts/Faces/DroidSansFallback.uasset" 381
"../../../Engine/Content/EngineFonts/Faces/RobotoBold.uasset" 382
"../../../Engine/Content/EngineFonts/Faces/RobotoBoldItalic.uasset" 383
"../../../Engine/Content/EngineFonts/Faces/RobotoItalic.uasset" 384
"../../../Engine/Content/EngineFonts/Faces/RobotoLight.uasset" 385
"../../../Engine/Content/EngineFonts/Faces/RobotoRegular.uasset" 386
"../../../Engine/Content/EngineFonts/Roboto.uasset" 387
"../../../Engine/Content/EngineMaterials/BaseFlattenDiffuseMap.uasset" 388
"../../../Engine/Content/EngineMaterials/BaseFlattenEmissiveMap.uasset" 389
"../../../Engine/Content/EngineMaterials/BaseFlattenGrayscaleMap.uasset" 390
"../../../Engine/Content/EngineMaterials/BaseFlattenNormalMap.uasset" 391
"../../../Engine/Content/EngineMaterials/BaseFlattenMaterial.uasset" 392
"../../../Engine/Content/EngineMaterials/BlueNoise.uasset" 393
"../../../Engine/Content/EngineMaterials/DefaultBloomKernel.uasset" 394
"../../../Engine/Content/EngineMaterials/DefaultBokeh.uasset" 395
"../../../Engine/Content/EngineMaterials/DefaultDiffuse.uasset" 396
"../../../Engine/Content/EngineMaterials/DefaultDeferredDecalMaterial.uasset" 397
"../../../Engine/Content/EngineMaterials/DefaultLightFunctionMaterial.uasset" 398
"../../../Engine/Content/EngineMaterials/DefaultPhysicalMaterial.uasset" 399
"../../../Engine/Content/Functions/Engine_MaterialFunctions02/Utility/BreakOutFloat2Components.uasset" 400
"../../../Engine/Content/EngineMaterials/DefaultPostProcessMaterial.uasset" 401
"../../../Engine/Content/EngineFonts/RobotoDistanceField.uasset" 402
"../../../Engine/Content/EngineMaterials/DefaultTextMaterialOpaque.uasset" 403
"../../../Engine/Content/EngineMaterials/DefaultWhiteGrid.uasset" 404
"../../../Engine/Content/EngineMaterials/DefaultWhiteGrid_Low.uasset" 405
"../../../Engine/Content/EngineMaterials/EmissiveMeshMaterial.uasset" 406
"../../../Engine/Content/EngineMaterials/GizmoMaterial.uasset" 407
"../../../Engine/Content/EngineMaterials/Good64x64TilingNoiseHighFreq.uasset" 408
"../../../Engine/Content/EngineMaterials/MiniFont.uasset" 409
"../../../Engine/Content/EngineMaterials/InvalidLightmapSettings.uasset" 410
"../../../Engine/Content/EngineMaterials/M_InvalidLightmapSettings.uasset" 411
"../../../Engine/Content/Functions/Engine_MaterialFunctions02/WorldPositionOffset/CameraOffset.uasset" 412
"../../../Engine/Content/EngineMaterials/PhAT_JointLimitMaterial.uasset" 413
"../../../Engine/Content/EngineMaterials/PreintegratedSkinBRDF.uasset" 414
"../../../Engine/Content/EngineMaterials/RemoveSurfaceMaterial.uasset" 415
"../../../Engine/Content/EngineMaterials/WeightMapPlaceholderTexture.uasset" 416
"../../../Engine/Content/EngineResources/WhiteSquareTexture.uasset" 417
"../../../Engine/Content/EngineMaterials/Widget3DPassThrough.uasset" 418
"../../../Engine/Content/EngineMaterials/Widget3DPassThrough_Masked.uasset" 419
"../../../Engine/Content/EngineMaterials/Widget3DPassThrough_Opaque.uasset" 420
"../../../Engine/Content/EngineMaterials/Widget3DPassThrough_Masked_OneSided.uasset" 421
"../../../Engine/Content/EngineMaterials/Widget3DPassThrough_Opaque_OneSided.uasset" 422
"../../../Engine/Content/EngineMaterials/Widget3DPassThrough_Translucent.uasset" 423
"../../../Engine/Content/EngineMaterials/Widget3DPassThrough_Translucent_OneSided.uasset" 424
"../../../Engine/Content/EngineMeshes/Cube.uasset" 425
"../../../Engine/Content/EngineMeshes/Cylinder.uasset" 426
"../../../Engine/Content/EngineMeshes/Sphere.uasset" 427
"../../../Engine/Content/EngineResources/Black.uasset" 428
"../../../Engine/Content/EngineResources/DefaultTexture.uasset" 429
"../../../Engine/Content/EngineResources/DefaultTextureCube.uasset" 430
"../../../Engine/Content/EngineResources/DefaultVolumeTexture2D.uasset" 431
"../../../Engine/Content/EngineResources/DefaultVolumeTexture.uasset" 432
"../../../Engine/Content/EngineResources/GradientTexture0.uasset" 433
"../../../Engine/Content/EngineSounds/Master.uasset" 434
"../../../Engine/Content/Functions/Engine_MaterialFunctions01/Shading/ConvertFromDiffSpec.uasset" 435
"../../../Engine/Content/Functions/Engine_MaterialFunctions01/Shading/PowerToRoughness.uasset" 436
"../../../Engine/Content/Maps/Templates/Thumbnails/Default.uasset" 437
"../../../Engine/Content/Maps/Templates/Thumbnails/TimeOfDay.uasset" 438
"../../../Engine/Content/Maps/Templates/Thumbnails/VR-Basic.uasset" 439
"../../../Engine/Content/MobileResources/T_MobileControls_texture.uasset" 440
"../../../Engine/Content/MobileResources/T_MobileMenu2.uasset" 441
"../../../Engine/Content/MobileResources/HUD/AnalogHat.uasset" 442
"../../../Engine/Content/MobileResources/HUD/VirtualJoystick_Background.uasset" 443
"../../../Engine/Content/MobileResources/HUD/VirtualJoystick_Thumb.uasset" 444
"../../../Engine/Content/MobileResources/HUD/DefaultVirtualJoysticks.uasset" 445
"../../../Engine/Content/MobileResources/HUD/LeftVirtualJoystickOnly.uasset" 446
"../../../Engine/Content/MobileResources/HUD/MobileHUDButton1_off.uasset" 447
"../../../Engine/Content/MobileResources/HUD/MobileHUDButton1_on.uasset" 448
"../../../Engine/Content/MobileResources/HUD/MobileHUDButton2_off.uasset" 449
"../../../Engine/Content/MobileResources/HUD/MobileHUDButton2_on.uasset" 450
"../../../Engine/Content/MobileResources/HUD/MobileHUDButton3.uasset" 451
"../../../Engine/Content/MobileResources/HUD/MobileHUDButtonFire.uasset" 452
"../../../Engine/Content/MobileResources/HUD/MobileHUDDirectionPad.uasset" 453
"../../../Engine/Content/MobileResources/HUD/MobileHUDDirectionPad2.uasset" 454
"../../../Engine/Content/MobileResources/HUD/MobileHUDDirectionPad3.uasset" 455
"../../../Engine/Content/MobileResources/HUD/MobileHUDDirectionStick.uasset" 456
"../../../Engine/Content/MobileResources/HUD/T_Castle_ThumbstickInner.uasset" 457
"../../../Engine/Content/MobileResources/HUD/T_Castle_ThumbstickOutter.uasset" 458
"../../../Engine/Content/Tutorial/ContentIntroCurve.uasset" 459
"../../../Engine/Content/Tutorial/Basics/LevelEditorAttract.uasset" 460
"../../../Engine/Content/Tutorial/Basics/TutorialAssets/icon_tab_Levels_40x.uasset" 461
"../../../Engine/Content/Tutorial/Basics/LevelEditorOverview.uasset" 462
"../../../Engine/Content/Tutorial/SubEditors/StaticMeshEditorTutorial.uasset" 463
"../../../Engine/Content/VREditor/LaserPointer/VR_LaserPower_01.uasset" 464
"../../../Engine/Content/VREditor/TransformGizmo/TransformGizmoMaterial.uasset" 465
"../../../Engine/Content/VREditor/TransformGizmo/TranslucentTransformGizmoMaterial.uasset" 466
"../../../Engine/Content/VREditor/TransformGizmo/BoundingBoxCorner.uasset" 467
"../../../Engine/Content/VREditor/TransformGizmo/BoundingBoxEdge.uasset" 468
"../../../Engine/Content/VREditor/TransformGizmo/PlaneTranslationHandle.uasset" 469
"../../../Engine/Content/VREditor/TransformGizmo/Main.uasset" 470
"../../../Engine/Content/VREditor/TransformGizmo/Xray.uasset" 471
"../../../Engine/Content/VREditor/TransformGizmo/SM_Sequencer_Key.uasset" 472
"../../../Engine/Content/VREditor/TransformGizmo/SM_Sequencer_Node.uasset" 473
"../../Plugins/2D/Paper2D/Content/PlaceholderTextures/DummySpriteTexture.uasset" 474
"../../Plugins/2D/Paper2D/Content/DummySprite.uasset" 475
"../../Plugins/2D/Paper2D/Content/DefaultPaperTerrainMaterial.uasset" 476
"../../Plugins/2D/Paper2D/Content/DefaultSpriteMaterial.uasset" 477
"../../Plugins/2D/Paper2D/Content/MaskedUnlitSpriteMaterial.uasset" 478
"../../Plugins/2D/Paper2D/Content/OpaqueUnlitSpriteMaterial.uasset" 479
"../../Plugins/FX/Niagara/Content/Enums/ENiagaraBooleanLogicOps.uasset" 480
"../../Plugins/FX/Niagara/Content/Enums/ENiagaraCoordinateSpace.uasset" 481
"../../Plugins/FX/Niagara/Content/Enums/ENiagaraExpansionMode.uasset" 482
"../../Plugins/FX/Niagara/Content/Enums/ENiagaraOrientationAxis.uasset" 483
"../../Plugins/FX/Niagara/Content/Enums/ENiagaraRandomnessMode.uasset" 484
"../../../Engine/Content/EngineResources/Cursors/Arrow.uasset" 485
"../../Plugins/Media/PixelStreaming/Content/DefaultCursor.uasset" 486
"../../Plugins/Media/PixelStreaming/Content/TextEditBeamTexture.uasset" 487
"../../Plugins/Media/PixelStreaming/Content/TextEditBeamCursor.uasset" 488
"../../../Engine/Content/Functions/Engine_MaterialFunctions02/Utility/BreakOutFloat4Components.uasset" 489
"../../../Engine/Content/Functions/Engine_MaterialFunctions02/Utility/MakeFloat2.uasset" 490
"../../../Engine/Content/Functions/Engine_MaterialFunctions02/Utility/MakeFloat3.uasset" 491
"../../Plugins/Runtime/Oculus/OculusVR/Content/Materials/OculusMR_ChromaKey.uasset" 492
"../../Plugins/Runtime/Oculus/OculusVR/Content/Materials/OculusMR_ChromaKey_Lit.uasset" 493
"../../Plugins/Runtime/Oculus/OculusVR/Content/Materials/OculusMR_OpaqueColoredMaterial.uasset" 494
"../../Plugins/Runtime/Oculus/OculusVR/Content/Materials/OculusMR_WhiteMaterial.uasset" 495
"../../../Engine/Content/EngineSky/C_Sky_Cloud_Color.uasset" 496
"../../../Engine/Content/EngineSky/C_Sky_Horizon_Color.uasset" 497
"../../../Engine/Content/EngineSky/C_Sky_Zenith_Color.uasset" 498
"../../../Engine/Content/EngineSky/T_Sky_Blue.uasset" 499
"../../../Engine/Content/EngineSky/T_Sky_Clouds_M.uasset" 500
"../../../Engine/Content/EngineSky/T_Sky_Stars.uasset" 501
"../../../Engine/Content/EngineSky/M_Sky_Panning_Clouds2.uasset" 502
"../../../Engine/Content/EngineSky/SM_SkySphere.uasset" 503
"../../../Engine/Content/EngineSky/BP_Sky_Sphere.uasset" 504
"../../../../../../Users/Pencil/Desktop/game-jam-2020/Content/Floor_Model/BeeArena_BuiltData.uasset" 505
"../../../../../../Users/Pencil/Desktop/game-jam-2020/Content/Bee_Character_Model/Bee_Character_1_0.uasset" 506
"../../../../../../Users/Pencil/Desktop/game-jam-2020/Content/Bee_Character_Model/Bee_Character_1_0_Mat.uasset" 507
"../../../../../../Users/Pencil/Desktop/game-jam-2020/Content/Floor_Model/Material_002.uasset" 508
"../../../../../../Users/Pencil/Desktop/game-jam-2020/Content/Floor_Model/Arena.uasset" 509
"../../../../../../Users/Pencil/Desktop/game-jam-2020/Content/Floor_Model/BeeArena.umap" 510
"../../../Engine/Content/TemplateResources/M_Template_Master.uasset" 511
"../../../Engine/Content/TemplateResources/MI_Template_BaseGray_03_Metal.uasset" 512
"../../../../../../Users/Pencil/Desktop/game-jam-2020/Content/FPS_Weapon_Bundle/Weapons/Materials/Accessories/M_Scope_25x56_Lens_NoAlpha.uasset" 513
"../../../../../../Users/Pencil/Desktop/game-jam-2020/Content/FPS_Weapon_Bundle/Weapons/Meshes/Accessories/SM_Scope_25x56_Y.uasset" 514
"../../../../../../Users/Pencil/Desktop/game-jam-2020/Content/FPS_Weapon_Bundle/Weapons/Textures/Accessories/T_Suppressor5_ALB.uasset" 515
"../../../../../../Users/Pencil/Desktop/game-jam-2020/Content/FPS_Weapon_Bundle/Weapons/Textures/Accessories/T_Suppressor5_M_MSK.uasset" 516
"../../../../../../Users/Pencil/Desktop/game-jam-2020/Content/FPS_Weapon_Bundle/Weapons/Textures/Accessories/T_Suppressor5_NRM.uasset" 517
"../../../../../../Users/Pencil/Desktop/game-jam-2020/Content/FPS_Weapon_Bundle/Weapons/Materials/Accessories/M_Suppressor5.uasset" 518
"../../../../../../Users/Pencil/Desktop/game-jam-2020/Content/FPS_Weapon_Bundle/Weapons/Meshes/Accessories/SM_Suppressor5.uasset" 519
"../../../../../../Users/Pencil/Desktop/game-jam-2020/Content/FPS_Weapon_Bundle/Weapons/Materials/RDS/M_RDS_Glass.uasset" 520
"../../../../../../Users/Pencil/Desktop/game-jam-2020/Content/FPS_Weapon_Bundle/Weapons/Textures/Accessories/T_Tc4_ALB.uasset" 521
"../../../../../../Users/Pencil/Desktop/game-jam-2020/Content/FPS_Weapon_Bundle/Weapons/Textures/Accessories/T_Tc4_M_MSK.uasset" 522
"../../../../../../Users/Pencil/Desktop/game-jam-2020/Content/FPS_Weapon_Bundle/Weapons/Textures/Accessories/T_Tc4_NRM.uasset" 523
"../../../../../../Users/Pencil/Desktop/game-jam-2020/Content/FPS_Weapon_Bundle/Weapons/Materials/Accessories/M_Tc4_Sight.uasset" 524
"../../../../../../Users/Pencil/Desktop/game-jam-2020/Content/FPS_Weapon_Bundle/Weapons/Meshes/Accessories/SM_T4_Sight.uasset" 525
"../../../../../../Users/Pencil/Desktop/game-jam-2020/Content/FPS_Weapon_Bundle/Weapons/Meshes/Accessories/SM_Vertgrip.uasset" 526
"../../../../../../Users/Pencil/Desktop/game-jam-2020/Content/FPS_Weapon_Bundle/Weapons/Textures/Ammunition/T_12Gauge_ALB.uasset" 527
"../../../../../../Users/Pencil/Desktop/game-jam-2020/Content/FPS_Weapon_Bundle/Weapons/Textures/Ammunition/T_12Gauge_M_MSK.uasset" 528
"../../../../../../Users/Pencil/Desktop/game-jam-2020/Content/FPS_Weapon_Bundle/Weapons/Textures/Ammunition/T_12Gauge_NRM.uasset" 529
"../../../../../../Users/Pencil/Desktop/game-jam-2020/Content/FPS_Weapon_Bundle/Weapons/Materials/Ammunition/M_Ammo_12gauge.uasset" 530
"../../../../../../Users/Pencil/Desktop/game-jam-2020/Content/FPS_Weapon_Bundle/Weapons/Meshes/Ammunition/SM_Shell_12Gauge.uasset" 531
"../../../../../../Users/Pencil/Desktop/game-jam-2020/Content/FPS_Weapon_Bundle/Weapons/Meshes/Ammunition/SM_Shell_12Gauge_Empty.uasset" 532
"../../../../../../Users/Pencil/Desktop/game-jam-2020/Content/FPS_Weapon_Bundle/Weapons/Textures/Ammunition/T_40mm_Grenade_ALB.uasset" 533
"../../../../../../Users/Pencil/Desktop/game-jam-2020/Content/FPS_Weapon_Bundle/Weapons/Textures/Ammunition/T_40mm_Grenade_M_MSK.uasset" 534
"../../../../../../Users/Pencil/Desktop/game-jam-2020/Content/FPS_Weapon_Bundle/Weapons/Textures/Ammunition/T_40mm_Grenade_NRM.uasset" 535
"../../../../../../Users/Pencil/Desktop/game-jam-2020/Content/FPS_Weapon_Bundle/Weapons/Materials/Ammunition/M_40mm_Grenade.uasset" 536
"../../../../../../Users/Pencil/Desktop/game-jam-2020/Content/FPS_Weapon_Bundle/Weapons/Meshes/Ammunition/SM_Shell_40mm_G.uasset" 537
"../../../../../../Users/Pencil/Desktop/game-jam-2020/Content/FPS_Weapon_Bundle/Weapons/Meshes/Ammunition/SM_Shell_40mm_G_Empty.uasset" 538
"../../../../../../Users/Pencil/Desktop/game-jam-2020/Content/FPS_Weapon_Bundle/Weapons/Textures/Ammunition/T_45ap_ALB.uasset" 539
"../../../../../../Users/Pencil/Desktop/game-jam-2020/Content/FPS_Weapon_Bundle/Weapons/Textures/Ammunition/T_45ap_M_MSK.uasset" 540
"../../../../../../Users/Pencil/Desktop/game-jam-2020/Content/FPS_Weapon_Bundle/Weapons/Textures/Ammunition/T_45ap_NRM.uasset" 541
"../../../../../../Users/Pencil/Desktop/game-jam-2020/Content/FPS_Weapon_Bundle/Weapons/Materials/Ammunition/M_45ap.uasset" 542
"../../../../../../Users/Pencil/Desktop/game-jam-2020/Content/FPS_Weapon_Bundle/Weapons/Meshes/Ammunition/SM_Shell_45ap.uasset" 543
"../../../../../../Users/Pencil/Desktop/game-jam-2020/Content/FPS_Weapon_Bundle/Weapons/Meshes/Ammunition/SM_Shell_45ap_Empty.uasset" 544
"../../../../../../Users/Pencil/Desktop/game-jam-2020/Content/FPS_Weapon_Bundle/Weapons/Meshes/Ammunition/SM_Shell_545x39.uasset" 545
"../../../../../../Users/Pencil/Desktop/game-jam-2020/Content/FPS_Weapon_Bundle/Weapons/Meshes/Ammunition/SM_Shell_545x39_Empty.uasset" 546
"../../../../../../Users/Pencil/Desktop/game-jam-2020/Content/FPS_Weapon_Bundle/Weapons/Meshes/Ammunition/SM_Shell_556x45.uasset" 547
"../../../../../../Users/Pencil/Desktop/game-jam-2020/Content/FPS_Weapon_Bundle/Weapons/Meshes/Ammunition/SM_Shell_556x45_Empty.uasset" 548
"../../../../../../Users/Pencil/Desktop/game-jam-2020/Content/FPS_Weapon_Bundle/Weapons/Meshes/Ammunition/SM_Shell_762x39.uasset" 549
"../../../../../../Users/Pencil/Desktop/game-jam-2020/Content/FPS_Weapon_Bundle/Weapons/Meshes/Ammunition/SM_Shell_762x39_Empty.uasset" 550
"../../../../../../Users/Pencil/Desktop/game-jam-2020/Content/FPS_Weapon_Bundle/Weapons/Meshes/Ammunition/SM_Shell_762x51.uasset" 551
"../../../../../../Users/Pencil/Desktop/game-jam-2020/Content/FPS_Weapon_Bundle/Weapons/Meshes/Ammunition/SM_Shell_762x51_Empty.uasset" 552
"../../../../../../Users/Pencil/Desktop/game-jam-2020/Content/FPS_Weapon_Bundle/Weapons/Meshes/Ammunition/SM_Shell_9mm.uasset" 553
"../../../../../../Users/Pencil/Desktop/game-jam-2020/Content/FPS_Weapon_Bundle/Weapons/Meshes/Ammunition/SM_Shell_9mm_Empty.uasset" 554
"../../../../../../Users/Pencil/Desktop/game-jam-2020/Content/FPS_Weapon_Bundle/Weapons/Textures/Ammunition/T_9x18_ALB.uasset" 555
"../../../../../../Users/Pencil/Desktop/game-jam-2020/Content/FPS_Weapon_Bundle/Weapons/Textures/Ammunition/T_9x18_M_MSK.uasset" 556
"../../../../../../Users/Pencil/Desktop/game-jam-2020/Content/FPS_Weapon_Bundle/Weapons/Textures/Ammunition/T_9x18_NRM.uasset" 557
"../../../../../../Users/Pencil/Desktop/game-jam-2020/Content/FPS_Weapon_Bundle/Weapons/Materials/Ammunition/M_9x18.uasset" 558
"../../../../../../Users/Pencil/Desktop/game-jam-2020/Content/FPS_Weapon_Bundle/Weapons/Meshes/Ammunition/SM_Shell_9x18.uasset" 559
"../../../../../../Users/Pencil/Desktop/game-jam-2020/Content/FPS_Weapon_Bundle/Weapons/Meshes/Ammunition/SM_Shell_9x18_Empty.uasset" 560
"../../../../../../Users/Pencil/Desktop/game-jam-2020/Content/FPS_Weapon_Bundle/Weapons/Meshes/AR4/SK_AR4_Physics.uasset" 561
"../../../../../../Users/Pencil/Desktop/game-jam-2020/Content/FPS_Weapon_Bundle/Weapons/Meshes/AR4/SK_AR4_Skeleton.uasset" 562
"../../../../../../Users/Pencil/Desktop/game-jam-2020/Content/FPS_Weapon_Bundle/Weapons/Meshes/AR4/SK_AR4.uasset" 563
"../../../../../../Users/Pencil/Desktop/game-jam-2020/Content/FPS_Weapon_Bundle/Weapons/Meshes/AR4/SM_AR4_Mag.uasset" 564
"../../../../../../Users/Pencil/Desktop/game-jam-2020/Content/FPS_Weapon_Bundle/Weapons/Meshes/AR4/SM_AR4_Mag_Empty.uasset" 565
"../../../../../../Users/Pencil/Desktop/game-jam-2020/Content/FPS_Weapon_Bundle/Weapons/Meshes/G67_Grenade/SK_G67_X_Physics.uasset" 566
"../../../../../../Users/Pencil/Desktop/game-jam-2020/Content/FPS_Weapon_Bundle/Weapons/Meshes/G67_Grenade/SK_G67_X_Skeleton.uasset" 567
"../../../../../../Users/Pencil/Desktop/game-jam-2020/Content/FPS_Weapon_Bundle/Weapons/Meshes/G67_Grenade/SK_G67_X.uasset" 568
"../../../../../../Users/Pencil/Desktop/game-jam-2020/Content/FPS_Weapon_Bundle/Weapons/Meshes/Ka47/SK_KA47_Physics.uasset" 569
"../../../../../../Users/Pencil/Desktop/game-jam-2020/Content/FPS_Weapon_Bundle/Weapons/Meshes/Ka47/SK_KA47_Skeleton.uasset" 570
"../../../../../../Users/Pencil/Desktop/game-jam-2020/Content/FPS_Weapon_Bundle/Weapons/Meshes/Ka47/SK_KA47.uasset" 571
"../../../../../../Users/Pencil/Desktop/game-jam-2020/Content/FPS_Weapon_Bundle/Weapons/Meshes/Ka47/SM_KA47_Mag.uasset" 572
"../../../../../../Users/Pencil/Desktop/game-jam-2020/Content/FPS_Weapon_Bundle/Weapons/Meshes/Ka47/SM_KA47_Mag_Empty.uasset" 573
"../../../../../../Users/Pencil/Desktop/game-jam-2020/Content/FPS_Weapon_Bundle/Weapons/Meshes/KA74U/SK_KA74U_Y_Physics.uasset" 574
"../../../../../../Users/Pencil/Desktop/game-jam-2020/Content/FPS_Weapon_Bundle/Weapons/Meshes/KA74U/SK_KA74U_Y_Skeleton.uasset" 575
"../../../../../../Users/Pencil/Desktop/game-jam-2020/Content/FPS_Weapon_Bundle/Weapons/Meshes/KA74U/SK_KA74U_Y.uasset" 576
"../../../../../../Users/Pencil/Desktop/game-jam-2020/Content/FPS_Weapon_Bundle/Weapons/Meshes/KA74U/SM_KA74U_Mag_Empty_X.uasset" 577
"../../../../../../Users/Pencil/Desktop/game-jam-2020/Content/FPS_Weapon_Bundle/Weapons/Meshes/KA74U/SM_KA74U_Mag_X.uasset" 578
"../../../../../../Users/Pencil/Desktop/game-jam-2020/Content/FPS_Weapon_Bundle/Weapons/Meshes/KA_Val/SK_KA_Val_Y_Physics.uasset" 579
"../../../../../../Users/Pencil/Desktop/game-jam-2020/Content/FPS_Weapon_Bundle/Weapons/Meshes/KA_Val/SK_KA_Val_Y_Skeleton.uasset" 580
"../../../../../../Users/Pencil/Desktop/game-jam-2020/Content/FPS_Weapon_Bundle/Weapons/Meshes/KA_Val/SK_KA_Val_Y.uasset" 581
"../../../../../../Users/Pencil/Desktop/game-jam-2020/Content/FPS_Weapon_Bundle/Weapons/Meshes/KA_Val/SM_KA_Val_MAG_Loaded_Y.uasset" 582
"../../../../../../Users/Pencil/Desktop/game-jam-2020/Content/FPS_Weapon_Bundle/Weapons/Meshes/KA_Val/SM_KA_Val_Mag_Y.uasset" 583
"../../../../../../Users/Pencil/Desktop/game-jam-2020/Content/FPS_Weapon_Bundle/Weapons/Meshes/M9_Knife/SK_M9_Knife_X_Physics.uasset" 584
"../../../../../../Users/Pencil/Desktop/game-jam-2020/Content/FPS_Weapon_Bundle/Weapons/Meshes/M9_Knife/SK_M9_Knife_X_Skeleton.uasset" 585
"../../../../../../Users/Pencil/Desktop/game-jam-2020/Content/FPS_Weapon_Bundle/Weapons/Meshes/M9_Knife/SK_M9_Knife_X.uasset" 586
"../../../../../../Users/Pencil/Desktop/game-jam-2020/Content/FPS_Weapon_Bundle/Weapons/Meshes/SMG11/SK_SMG11_Nostock_Y_Physics.uasset" 587
"../../../../../../Users/Pencil/Desktop/game-jam-2020/Content/FPS_Weapon_Bundle/Weapons/Meshes/SMG11/SK_SMG11_Nostock_Y_Skeleton.uasset" 588
"../../../../../../Users/Pencil/Desktop/game-jam-2020/Content/FPS_Weapon_Bundle/Weapons/Meshes/SMG11/SK_SMG11_Nostock_Y.uasset" 589
"../../../../../../Users/Pencil/Desktop/game-jam-2020/Content/FPS_Weapon_Bundle/Weapons/Meshes/SMG11/SK_SMG11_Y_Physics.uasset" 590
"../../../../../../Users/Pencil/Desktop/game-jam-2020/Content/FPS_Weapon_Bundle/Weapons/Meshes/SMG11/SK_SMG11_Y_Skeleton.uasset" 591
"../../../../../../Users/Pencil/Desktop/game-jam-2020/Content/FPS_Weapon_Bundle/Weapons/Meshes/SMG11/SK_SMG11_Y.uasset" 592
"../../../../../../Users/Pencil/Desktop/game-jam-2020/Content/FPS_Weapon_Bundle/Weapons/Meshes/SMG11/SM_SMG11_Mag_Empty_X.uasset" 593
"../../../../../../Users/Pencil/Desktop/game-jam-2020/Content/FPS_Weapon_Bundle/Weapons/Meshes/SMG11/SM_SMG11_Mag_X.uasset" 594
"../../../../../../Users/Pencil/Desktop/game-jam-2020/Content/FPS_Weapon_Bundle/Maps/Weapons_Showcase.umap" 595
"../../../../../../Users/Pencil/Desktop/game-jam-2020/Content/StarterContent/Blueprints/Assets/FogBrightnessLUT.uasset" 596
"../../../../../../Users/Pencil/Desktop/game-jam-2020/Content/StarterContent/Blueprints/Assets/SunlightColorLUT.uasset" 597
"../../../../../../Users/Pencil/Desktop/game-jam-2020/Content/StarterContent/Blueprints/Assets/M_LightStage_Arrows.uasset" 598
"../../../Engine/Content/MapTemplates/Sky/DaylightAmbientCubemap.uasset" 599
"../../../../../../Users/Pencil/Desktop/game-jam-2020/Content/StarterContent/Blueprints/Assets/M_LightStage_Skybox_Master.uasset" 600
"../../../../../../Users/Pencil/Desktop/game-jam-2020/Content/StarterContent/Blueprints/Assets/M_LightStage_Skybox_Black.uasset" 601
"../../../../../../Users/Pencil/Desktop/game-jam-2020/Content/StarterContent/Blueprints/Assets/M_LightStage_Skybox_HDRI.uasset" 602
"../../../Engine/Content/EditorMaterials/Thumbnails/SkySphereMaterial.uasset" 603
"../../../../../../Users/Pencil/Desktop/game-jam-2020/Content/StarterContent/Blueprints/Assets/Skybox.uasset" 604
"../../../../../../Users/Pencil/Desktop/game-jam-2020/Content/StarterContent/Blueprints/Assets/SM_Arrows.uasset" 605
"../../../../../../Users/Pencil/Desktop/game-jam-2020/Content/StarterContent/HDRI/HDRI_Epic_Courtyard_Daylight.uasset" 606
"../../../../../../Users/Pencil/Desktop/game-jam-2020/Content/StarterContent/Blueprints/BP_LightStudio.uasset" 607
"../../../../../../Users/Pencil/Desktop/game-jam-2020/Content/StarterContent/Maps/Advanced_Lighting_BuiltData.uasset" 608
"../../../../../../Users/Pencil/Desktop/game-jam-2020/Content/StarterContent/Materials/M_AssetPlatform.uasset" 609
"../../../Engine/Content/EditorMeshes/ColorCalibrator/M_ChromeBall.uasset" 610
"../../../Engine/Content/EditorMeshes/ColorCalibrator/M_ClearCoat.uasset" 611
"../../../Engine/Content/EditorMeshes/ColorCalibrator/M_ClearCoatBlack.uasset" 612
"../../../Engine/Content/EditorMeshes/ColorCalibrator/Color_checker.uasset" 613
"../../../Engine/Content/EditorMeshes/ColorCalibrator/M_ColorGrid.uasset" 614
"../../../Engine/Content/EditorMeshes/ColorCalibrator/M_GreyBall.uasset" 615
"../../../Engine/Content/EditorMeshes/ColorCalibrator/SM_ColorCalibrator.uasset" 616
"../../../../../../Users/Pencil/Desktop/game-jam-2020/Content/StarterContent/Architecture/SM_AssetPlatform.uasset" 617
"../../../../../../Users/Pencil/Desktop/game-jam-2020/Content/StarterContent/Maps/Advanced_Lighting.umap" 618
"../../../../../../Users/Pencil/Desktop/game-jam-2020/Content/StarterContent/Maps/Minimal_Default_BuiltData.uasset" 619
"../../../../../../Users/Pencil/Desktop/game-jam-2020/Content/StarterContent/Textures/T_MacroVariation.uasset" 620
"../../../../../../Users/Pencil/Desktop/game-jam-2020/Content/StarterContent/Materials/M_Metal_Brushed_Nickel.uasset" 621
"../../../../../../Users/Pencil/Desktop/game-jam-2020/Content/StarterContent/Textures/T_Metal_Aluminum_D.uasset" 622
"../../../../../../Users/Pencil/Desktop/game-jam-2020/Content/StarterContent/Textures/T_Metal_Gold_N.uasset" 623
"../../../../../../Users/Pencil/Desktop/game-jam-2020/Content/StarterContent/Materials/M_Metal_Burnished_Steel.uasset" 624
"../../../../../../Users/Pencil/Desktop/game-jam-2020/Content/StarterContent/Textures/T_Metal_Copper_D.uasset" 625
"../../../../../../Users/Pencil/Desktop/game-jam-2020/Content/StarterContent/Materials/M_Metal_Copper.uasset" 626
"../../../../../../Users/Pencil/Desktop/game-jam-2020/Content/StarterContent/Textures/T_Statue_M.uasset" 627
"../../../../../../Users/Pencil/Desktop/game-jam-2020/Content/StarterContent/Textures/T_Statue_N.uasset" 628
"../../../../../../Users/Pencil/Desktop/game-jam-2020/Content/StarterContent/Props/Materials/M_StatueGlass.uasset" 629
"../../../../../../Users/Pencil/Desktop/game-jam-2020/Content/StarterContent/Architecture/Floor_400x400.uasset" 630
"../../../../../../Users/Pencil/Desktop/game-jam-2020/Content/StarterContent/Audio/Starter_Background_Cue.uasset" 631
"../../../../../../Users/Pencil/Desktop/game-jam-2020/Content/StarterContent/Props/SM_Chair.uasset" 632
"../../../../../../Users/Pencil/Desktop/game-jam-2020/Content/StarterContent/Props/Materials/M_Statue.uasset" 633
"../../../../../../Users/Pencil/Desktop/game-jam-2020/Content/StarterContent/Props/SM_Statue.uasset" 634
"../../../../../../Users/Pencil/Desktop/game-jam-2020/Content/StarterContent/Textures/T_TableRound_M.uasset" 635
"../../../../../../Users/Pencil/Desktop/game-jam-2020/Content/StarterContent/Textures/T_TableRound_N.uasset" 636
"../../../../../../Users/Pencil/Desktop/game-jam-2020/Content/StarterContent/Props/Materials/M_TableRound.uasset" 637
"../../../../../../Users/Pencil/Desktop/game-jam-2020/Content/StarterContent/Props/SM_TableRound.uasset" 638
"../../../../../../Users/Pencil/Desktop/game-jam-2020/Content/StarterContent/Maps/Minimal_Default.umap" 639
"../../../../../../Users/Pencil/Desktop/game-jam-2020/Content/StarterContent/Audio/Fire01_Cue.uasset" 640
"../../../../../../Users/Pencil/Desktop/game-jam-2020/Content/StarterContent/Textures/T_Fire_SubUV.uasset" 641
"../../../../../../Users/Pencil/Desktop/game-jam-2020/Content/StarterContent/Textures/T_Fire_Tiled_D.uasset" 642
"../../../../../../Users/Pencil/Desktop/game-jam-2020/Content/StarterContent/Particles/Materials/M_Fire_SubUV.uasset" 643
"../../../../../../Users/Pencil/Desktop/game-jam-2020/Content/StarterContent/Textures/T_Water_N.uasset" 644
"../../../../../../Users/Pencil/Desktop/game-jam-2020/Content/StarterContent/Particles/Materials/M_Heat_Distortion.uasset" 645
"../../../../../../Users/Pencil/Desktop/game-jam-2020/Content/StarterContent/Particles/Materials/M_Radial_Gradient.uasset" 646
"../../../../../../Users/Pencil/Desktop/game-jam-2020/Content/StarterContent/Particles/P_Fire.uasset" 647
"../../../../../../Users/Pencil/Desktop/game-jam-2020/Content/StarterContent/Blueprints/Blueprint_Effect_Fire.uasset" 648
"../../../../../../Users/Pencil/Desktop/game-jam-2020/Content/StarterContent/Audio/Smoke01_Cue.uasset" 649
"../../../../../../Users/Pencil/Desktop/game-jam-2020/Content/StarterContent/Particles/P_Smoke.uasset" 650
"../../../../../../Users/Pencil/Desktop/game-jam-2020/Content/StarterContent/Blueprints/Blueprint_Effect_Smoke.uasset" 651
"../../../../../../Users/Pencil/Desktop/game-jam-2020/Content/StarterContent/Audio/Fire_Sparks01_Cue.uasset" 652
"../../../../../../Users/Pencil/Desktop/game-jam-2020/Content/StarterContent/Textures/T_Spark_Core.uasset" 653
"../../../../../../Users/Pencil/Desktop/game-jam-2020/Content/StarterContent/Particles/Materials/M_Spark.uasset" 654
"../../../../../../Users/Pencil/Desktop/game-jam-2020/Content/StarterContent/Particles/P_Sparks.uasset" 655
"../../../../../../Users/Pencil/Desktop/game-jam-2020/Content/StarterContent/Blueprints/Blueprint_Effect_Sparks.uasset" 656
"../../../../../../Users/Pencil/Desktop/game-jam-2020/Content/StarterContent/Audio/Steam01_Cue.uasset" 657
"../../../../../../Users/Pencil/Desktop/game-jam-2020/Content/StarterContent/Particles/P_Steam_Lit.uasset" 658
"../../../../../../Users/Pencil/Desktop/game-jam-2020/Content/StarterContent/Blueprints/Blueprint_Effect_Steam.uasset" 659
"../../../../../../Users/Pencil/Desktop/game-jam-2020/Content/StarterContent/Textures/T_Lamp_M.uasset" 660
"../../../../../../Users/Pencil/Desktop/game-jam-2020/Content/StarterContent/Textures/T_Lamp_N.uasset" 661
"../../../../../../Users/Pencil/Desktop/game-jam-2020/Content/StarterContent/Props/Materials/M_Lamp.uasset" 662
"../../../../../../Users/Pencil/Desktop/game-jam-2020/Content/StarterContent/Props/SM_Lamp_Ceiling.uasset" 663
"../../../../../../Users/Pencil/Desktop/game-jam-2020/Content/StarterContent/Blueprints/Blueprint_CeilingLight.uasset" 664
"../../../../../../Users/Pencil/Desktop/game-jam-2020/Content/StarterContent/Props/SM_Lamp_Wall.uasset" 665
"../../../../../../Users/Pencil/Desktop/game-jam-2020/Content/StarterContent/Blueprints/Blueprint_WallSconce.uasset" 666
"../../../../../../Users/Pencil/Desktop/game-jam-2020/Content/StarterContent/Maps/StarterMap_BuiltData.uasset" 667
"../../../Engine/Content/Functions/Engine_MaterialFunctions03/Procedurals/ComputeFilterWidth.uasset" 668
"../../../Engine/Content/EngineMaterials/AntiAliasedTextMaterialTranslucent.uasset" 669
"../../../../../../Users/Pencil/Desktop/game-jam-2020/Content/StarterContent/Textures/T_Brick_Clay_Beveled_D.uasset" 670
"../../../../../../Users/Pencil/Desktop/game-jam-2020/Content/StarterContent/Textures/T_Brick_Clay_Beveled_M.uasset" 671
"../../../../../../Users/Pencil/Desktop/game-jam-2020/Content/StarterContent/Textures/T_Brick_Clay_Beveled_N.uasset" 672
"../../../../../../Users/Pencil/Desktop/game-jam-2020/Content/StarterContent/Materials/M_Brick_Clay_Beveled.uasset" 673
"../../../../../../Users/Pencil/Desktop/game-jam-2020/Content/StarterContent/Textures/T_Brick_Clay_New_D.uasset" 674
"../../../../../../Users/Pencil/Desktop/game-jam-2020/Content/StarterContent/Textures/T_Brick_Clay_New_M.uasset" 675
"../../../../../../Users/Pencil/Desktop/game-jam-2020/Content/StarterContent/Textures/T_Brick_Clay_New_N.uasset" 676
"../../../../../../Users/Pencil/Desktop/game-jam-2020/Content/StarterContent/Materials/M_Brick_Clay_New.uasset" 677
"../../../../../../Users/Pencil/Desktop/game-jam-2020/Content/StarterContent/Textures/T_Brick_Clay_Old_D.uasset" 678
"../../../../../../Users/Pencil/Desktop/game-jam-2020/Content/StarterContent/Textures/T_Brick_Clay_Old_N.uasset" 679
"../../../../../../Users/Pencil/Desktop/game-jam-2020/Content/StarterContent/Textures/T_Perlin_Noise_M.uasset" 680
"../../../../../../Users/Pencil/Desktop/game-jam-2020/Content/StarterContent/Materials/M_Brick_Clay_Old.uasset" 681
"../../../../../../Users/Pencil/Desktop/game-jam-2020/Content/StarterContent/Textures/T_Brick_Cut_Stone_D.uasset" 682
"../../../../../../Users/Pencil/Desktop/game-jam-2020/Content/StarterContent/Textures/T_Brick_Cut_Stone_N.uasset" 683
"../../../../../../Users/Pencil/Desktop/game-jam-2020/Content/StarterContent/Materials/M_Brick_Cut_Stone.uasset" 684
"../../../../../../Users/Pencil/Desktop/game-jam-2020/Content/StarterContent/Textures/T_Brick_Hewn_Stone_D.uasset" 685
"../../../../../../Users/Pencil/Desktop/game-jam-2020/Content/StarterContent/Textures/T_Brick_Hewn_Stone_M.uasset" 686
"../../../../../../Users/Pencil/Desktop/game-jam-2020/Content/StarterContent/Textures/T_Brick_Hewn_Stone_N.uasset" 687
"../../../../../../Users/Pencil/Desktop/game-jam-2020/Content/StarterContent/Materials/M_Brick_Hewn_Stone.uasset" 688
"../../../../../../Users/Pencil/Desktop/game-jam-2020/Content/StarterContent/Textures/T_Ceramic_Tile_M.uasset" 689
"../../../../../../Users/Pencil/Desktop/game-jam-2020/Content/StarterContent/Textures/T_Ceramic_Tile_N.uasset" 690
"../../../../../../Users/Pencil/Desktop/game-jam-2020/Content/StarterContent/Textures/T_Rock_Marble_Polished_D.uasset" 691
"../../../../../../Users/Pencil/Desktop/game-jam-2020/Content/StarterContent/Materials/M_Ceramic_Tile_Checker.uasset" 692
"../../../../../../Users/Pencil/Desktop/game-jam-2020/Content/StarterContent/Textures/T_CobbleStone_Pebble_D.uasset" 693
"../../../../../../Users/Pencil/Desktop/game-jam-2020/Content/StarterContent/Textures/T_CobbleStone_Pebble_M.uasset" 694
"../../../../../../Users/Pencil/Desktop/game-jam-2020/Content/StarterContent/Textures/T_CobbleStone_Pebble_N.uasset" 695
"../../../../../../Users/Pencil/Desktop/game-jam-2020/Content/StarterContent/Materials/M_CobbleStone_Pebble.uasset" 696
"../../../../../../Users/Pencil/Desktop/game-jam-2020/Content/StarterContent/Textures/T_CobbleStone_Rough_D.uasset" 697
"../../../../../../Users/Pencil/Desktop/game-jam-2020/Content/StarterContent/Textures/T_CobbleStone_Rough_N.uasset" 698
"../../../../../../Users/Pencil/Desktop/game-jam-2020/Content/StarterContent/Textures/T_Gradinet_01.uasset" 699
"../../../../../../Users/Pencil/Desktop/game-jam-2020/Content/StarterContent/Textures/T_Rock_Smooth_Granite_D.uasset" 700
"../../../../../../Users/Pencil/Desktop/game-jam-2020/Content/StarterContent/Materials/M_CobbleStone_Rough.uasset" 701
"../../../../../../Users/Pencil/Desktop/game-jam-2020/Content/StarterContent/Textures/T_CobbleStone_Smooth_D.uasset" 702
"../../../../../../Users/Pencil/Desktop/game-jam-2020/Content/StarterContent/Textures/T_CobbleStone_Smooth_M.uasset" 703
"../../../../../../Users/Pencil/Desktop/game-jam-2020/Content/StarterContent/Textures/T_CobbleStone_Smooth_N.uasset" 704
"../../../../../../Users/Pencil/Desktop/game-jam-2020/Content/StarterContent/Materials/M_CobbleStone_Smooth.uasset" 705
"../../../../../../Users/Pencil/Desktop/game-jam-2020/Content/StarterContent/Textures/T_Concrete_Grime_D.uasset" 706
"../../../../../../Users/Pencil/Desktop/game-jam-2020/Content/StarterContent/Textures/T_Metal_Rust_N.uasset" 707
"../../../../../../Users/Pencil/Desktop/game-jam-2020/Content/StarterContent/Materials/M_Concrete_Grime.uasset" 708
"../../../../../../Users/Pencil/Desktop/game-jam-2020/Content/StarterContent/Textures/T_Concrete_Panels_D.uasset" 709
"../../../../../../Users/Pencil/Desktop/game-jam-2020/Content/StarterContent/Textures/T_Concrete_Panels_N.uasset" 710
"../../../../../../Users/Pencil/Desktop/game-jam-2020/Content/StarterContent/Materials/M_Concrete_Panels.uasset" 711
"../../../../../../Users/Pencil/Desktop/game-jam-2020/Content/StarterContent/Textures/T_Concrete_Poured_D.uasset" 712
"../../../../../../Users/Pencil/Desktop/game-jam-2020/Content/StarterContent/Textures/T_Concrete_Poured_N.uasset" 713
"../../../../../../Users/Pencil/Desktop/game-jam-2020/Content/StarterContent/Materials/M_Concrete_Poured.uasset" 714
"../../../../../../Users/Pencil/Desktop/game-jam-2020/Content/StarterContent/Textures/T_Concrete_Tiles_D.uasset" 715
"../../../../../../Users/Pencil/Desktop/game-jam-2020/Content/StarterContent/Textures/T_Concrete_Tiles_M.uasset" 716
"../../../../../../Users/Pencil/Desktop/game-jam-2020/Content/StarterContent/Textures/T_Concrete_Tiles_N.uasset" 717
"../../../../../../Users/Pencil/Desktop/game-jam-2020/Content/StarterContent/Textures/T_Concrete_Tiles_Variation_M.uasset" 718
"../../../../../../Users/Pencil/Desktop/game-jam-2020/Content/StarterContent/Materials/M_Concrete_Tiles.uasset" 719
"../../../../../../Users/Pencil/Desktop/game-jam-2020/Content/StarterContent/Textures/T_Ground_Grass_D.uasset" 720
"../../../../../../Users/Pencil/Desktop/game-jam-2020/Content/StarterContent/Textures/T_Ground_Grass_N.uasset" 721
"../../../../../../Users/Pencil/Desktop/game-jam-2020/Content/StarterContent/Materials/M_Ground_Grass.uasset" 722
"../../../../../../Users/Pencil/Desktop/game-jam-2020/Content/StarterContent/Textures/T_Ground_Gravel_D.uasset" 723
"../../../../../../Users/Pencil/Desktop/game-jam-2020/Content/StarterContent/Textures/T_Ground_Gravel_N.uasset" 724
"../../../../../../Users/Pencil/Desktop/game-jam-2020/Content/StarterContent/Materials/M_Ground_Gravel.uasset" 725
"../../../../../../Users/Pencil/Desktop/game-jam-2020/Content/StarterContent/Textures/T_ground_Moss_D.uasset" 726
"../../../../../../Users/Pencil/Desktop/game-jam-2020/Content/StarterContent/Textures/T_Ground_Moss_N.uasset" 727
"../../../../../../Users/Pencil/Desktop/game-jam-2020/Content/StarterContent/Materials/M_Ground_Moss.uasset" 728
"../../../../../../Users/Pencil/Desktop/game-jam-2020/Content/StarterContent/Materials/M_Metal_Chrome.uasset" 729
"../../../../../../Users/Pencil/Desktop/game-jam-2020/Content/StarterContent/Textures/T_Metal_Gold_D.uasset" 730
"../../../../../../Users/Pencil/Desktop/game-jam-2020/Content/StarterContent/Materials/M_Metal_Gold.uasset" 731
"../../../../../../Users/Pencil/Desktop/game-jam-2020/Content/StarterContent/Textures/T_Metal_Rust_D.uasset" 732
"../../../../../../Users/Pencil/Desktop/game-jam-2020/Content/StarterContent/Materials/M_Metal_Rust.uasset" 733
"../../../../../../Users/Pencil/Desktop/game-jam-2020/Content/StarterContent/Textures/T_Metal_Steel_D.uasset" 734
"../../../../../../Users/Pencil/Desktop/game-jam-2020/Content/StarterContent/Textures/T_Metal_Steel_N.uasset" 735
"../../../../../../Users/Pencil/Desktop/game-jam-2020/Content/StarterContent/Materials/M_Metal_Steel.uasset" 736
"../../../../../../Users/Pencil/Desktop/game-jam-2020/Content/StarterContent/Textures/T_Rock_Basalt_N.uasset" 737
"../../../../../../Users/Pencil/Desktop/game-jam-2020/Content/StarterContent/Materials/M_Rock_Basalt.uasset" 738
"../../../../../../Users/Pencil/Desktop/game-jam-2020/Content/StarterContent/Materials/M_Rock_Marble_Polished.uasset" 739
"../../../../../../Users/Pencil/Desktop/game-jam-2020/Content/StarterContent/Textures/T_Rock_Sandstone_D.uasset" 740
"../../../../../../Users/Pencil/Desktop/game-jam-2020/Content/StarterContent/Textures/T_Rock_Sandstone_N.uasset" 741
"../../../../../../Users/Pencil/Desktop/game-jam-2020/Content/StarterContent/Materials/M_Rock_Sandstone.uasset" 742
"../../../../../../Users/Pencil/Desktop/game-jam-2020/Content/StarterContent/Textures/T_Rock_Slate_D.uasset" 743
"../../../../../../Users/Pencil/Desktop/game-jam-2020/Content/StarterContent/Textures/T_Rock_Slate_N.uasset" 744
"../../../../../../Users/Pencil/Desktop/game-jam-2020/Content/StarterContent/Materials/M_Rock_Slate.uasset" 745
"../../../../../../Users/Pencil/Desktop/game-jam-2020/Content/StarterContent/Textures/T_Checker_Noise_M.uasset" 746
"../../../../../../Users/Pencil/Desktop/game-jam-2020/Content/StarterContent/Textures/T_Single_Tile_N.uasset" 747
"../../../../../../Users/Pencil/Desktop/game-jam-2020/Content/StarterContent/Textures/T_Tech_Dot_M.uasset" 748
"../../../../../../Users/Pencil/Desktop/game-jam-2020/Content/StarterContent/Textures/T_Tech_Dot_N.uasset" 749
"../../../../../../Users/Pencil/Desktop/game-jam-2020/Content/StarterContent/Materials/M_Tech_Checker_Dot.uasset" 750
"../../../../../../Users/Pencil/Desktop/game-jam-2020/Content/StarterContent/Textures/T_Tech_Hex_Tile_M.uasset" 751
"../../../../../../Users/Pencil/Desktop/game-jam-2020/Content/StarterContent/Textures/T_Tech_Hex_Tile_N.uasset" 752
"../../../../../../Users/Pencil/Desktop/game-jam-2020/Content/StarterContent/Materials/M_Tech_Hex_Tile.uasset" 753
"../../../../../../Users/Pencil/Desktop/game-jam-2020/Content/StarterContent/Materials/M_Tech_Hex_Tile_Pulse.uasset" 754
"../../../../../../Users/Pencil/Desktop/game-jam-2020/Content/StarterContent/Textures/T_Tech_Panel_M.uasset" 755
"../../../../../../Users/Pencil/Desktop/game-jam-2020/Content/StarterContent/Textures/T_Tech_Panel_N.uasset" 756
"../../../../../../Users/Pencil/Desktop/game-jam-2020/Content/StarterContent/Materials/M_Tech_Panel.uasset" 757
"../../../../../../Users/Pencil/Desktop/game-jam-2020/Content/StarterContent/Materials/M_Water_Lake.uasset" 758
"../../../../../../Users/Pencil/Desktop/game-jam-2020/Content/StarterContent/Textures/T_Water_M.uasset" 759
"../../../../../../Users/Pencil/Desktop/game-jam-2020/Content/StarterContent/Materials/M_Water_Ocean.uasset" 760
"../../../../../../Users/Pencil/Desktop/game-jam-2020/Content/StarterContent/Textures/T_Wood_Floor_Walnut_D.uasset" 761
"../../../../../../Users/Pencil/Desktop/game-jam-2020/Content/StarterContent/Textures/T_Wood_Floor_Walnut_M.uasset" 762
"../../../../../../Users/Pencil/Desktop/game-jam-2020/Content/StarterContent/Textures/T_Wood_Floor_Walnut_N.uasset" 763
"../../../../../../Users/Pencil/Desktop/game-jam-2020/Content/StarterContent/Materials/M_Wood_Floor_Walnut_Polished.uasset" 764
"../../../Engine/Content/Functions/Engine_MaterialFunctions01/Opacity/AlphaOffset.uasset" 765
"../../../../../../Users/Pencil/Desktop/game-jam-2020/Content/StarterContent/Materials/M_Wood_Floor_Walnut_Worn.uasset" 766
"../../../../../../Users/Pencil/Desktop/game-jam-2020/Content/StarterContent/Textures/T_Wood_Oak_D.uasset" 767
"../../../../../../Users/Pencil/Desktop/game-jam-2020/Content/StarterContent/Textures/T_Wood_Oak_N.uasset" 768
"../../../../../../Users/Pencil/Desktop/game-jam-2020/Content/StarterContent/Materials/M_Wood_Oak.uasset" 769
"../../../../../../Users/Pencil/Desktop/game-jam-2020/Content/StarterContent/Textures/T_Wood_Pine_D.uasset" 770
"../../../../../../Users/Pencil/Desktop/game-jam-2020/Content/StarterContent/Textures/T_Wood_Pine_N.uasset" 771
"../../../../../../Users/Pencil/Desktop/game-jam-2020/Content/StarterContent/Materials/M_Wood_Pine.uasset" 772
"../../../../../../Users/Pencil/Desktop/game-jam-2020/Content/StarterContent/Textures/T_Wood_Walnut_D.uasset" 773
"../../../../../../Users/Pencil/Desktop/game-jam-2020/Content/StarterContent/Textures/T_Wood_Walnut_N.uasset" 774
"../../../../../../Users/Pencil/Desktop/game-jam-2020/Content/StarterContent/Materials/M_Wood_Walnut.uasset" 775
"../../../../../../Users/Pencil/Desktop/game-jam-2020/Content/StarterContent/Architecture/Wall_400x200.uasset" 776
"../../../../../../Users/Pencil/Desktop/game-jam-2020/Content/StarterContent/Architecture/Wall_Door_400x300.uasset" 777
"../../../../../../Users/Pencil/Desktop/game-jam-2020/Content/StarterContent/Architecture/Wall_Window_400x300.uasset" 778
"../../../../../../Users/Pencil/Desktop/game-jam-2020/Content/StarterContent/Audio/Collapse_Cue.uasset" 779
"../../../../../../Users/Pencil/Desktop/game-jam-2020/Content/StarterContent/Audio/Starter_Music_Cue.uasset" 780
"../../../../../../Users/Pencil/Desktop/game-jam-2020/Content/StarterContent/Textures/T_Dust_Particle_D.uasset" 781
"../../../../../../Users/Pencil/Desktop/game-jam-2020/Content/StarterContent/Particles/Materials/M_Dust_Particle.uasset" 782
"../../../../../../Users/Pencil/Desktop/game-jam-2020/Content/StarterContent/Particles/P_Ambient_Dust.uasset" 783
"../../../../../../Users/Pencil/Desktop/game-jam-2020/Content/StarterContent/Props/MaterialSphere.uasset" 784
"../../../../../../Users/Pencil/Desktop/game-jam-2020/Content/StarterContent/Textures/T_Frame_M.uasset" 785
"../../../../../../Users/Pencil/Desktop/game-jam-2020/Content/StarterContent/Textures/T_Frame_N.uasset" 786
"../../../../../../Users/Pencil/Desktop/game-jam-2020/Content/StarterContent/Props/Materials/M_Frame.uasset" 787
"../../../../../../Users/Pencil/Desktop/game-jam-2020/Content/StarterContent/Props/SM_CornerFrame.uasset" 788
"../../../../../../Users/Pencil/Desktop/game-jam-2020/Content/StarterContent/Props/SM_DoorFrame.uasset" 789
"../../../../../../Users/Pencil/Desktop/game-jam-2020/Content/StarterContent/Props/SM_GlassWindow.uasset" 790
"../../../../../../Users/Pencil/Desktop/game-jam-2020/Content/StarterContent/Props/SM_PillarFrame.uasset" 791
"../../../../../../Users/Pencil/Desktop/game-jam-2020/Content/StarterContent/Props/SM_PillarFrame300.uasset" 792
"../../../../../../Users/Pencil/Desktop/game-jam-2020/Content/StarterContent/Props/SM_WindowFrame.uasset" 793
"../../../../../../Users/Pencil/Desktop/game-jam-2020/Content/StarterContent/Shapes/Shape_Cube.uasset" 794
"../../../../../../Users/Pencil/Desktop/game-jam-2020/Content/StarterContent/Shapes/Shape_QuadPyramid.uasset" 795
"../../../../../../Users/Pencil/Desktop/game-jam-2020/Content/StarterContent/Shapes/Shape_Sphere.uasset" 796
"../../../../../../Users/Pencil/Desktop/game-jam-2020/Content/StarterContent/Maps/StarterMap.umap" 797
"../../../../../../Users/Pencil/Desktop/game-jam-2020/Content/ThirdPersonBP/Maps/ThirdPersonExampleMap_BuiltData.uasset" 798
"../../../../../../Users/Pencil/Desktop/game-jam-2020/Content/ThirdPersonBP/Maps/ThirdPersonExampleMap.umap" 799
"../../../Engine/Content/Maps/Entry_BuiltData.uasset" 800
"../../../Engine/Content/Maps/Entry.umap" 801
